2022-06-07T17:46:47.663139+00:00 INFO 'ansible_navigator.setup_logger' New ansible-navigator instance, logging initialized
2022-06-07T17:46:47.663357+00:00 INFO 'ansible_navigator.setup_logger' New ansible-runner instance, logging initialized
2022-06-07T17:46:47.663394+00:00 DEBUG 'ansible_navigator.main' ansible-builder==1.1.0 /usr/local/lib/python3.8/dist-packages
2022-06-07T17:46:47.663419+00:00 DEBUG 'ansible_navigator.main' ansible-core==2.12.5 /usr/lib/python3/dist-packages
2022-06-07T17:46:47.663440+00:00 DEBUG 'ansible_navigator.main' ansible-later==2.0.14 /usr/local/lib/python3.8/dist-packages
2022-06-07T17:46:47.663459+00:00 DEBUG 'ansible_navigator.main' ansible-lint==4.2.0 /usr/lib/python3/dist-packages
2022-06-07T17:46:47.663478+00:00 DEBUG 'ansible_navigator.main' ansible-navigator==2.1.0 /usr/local/lib/python3.8/dist-packages
2022-06-07T17:46:47.663496+00:00 DEBUG 'ansible_navigator.main' ansible-runner==2.2.0 /usr/local/lib/python3.8/dist-packages
2022-06-07T17:46:47.663513+00:00 DEBUG 'ansible_navigator.main' ansible==5.7.1 /usr/lib/python3/dist-packages
2022-06-07T17:46:47.663531+00:00 DEBUG 'ansible_navigator.main' anyconfig==0.13.0 /usr/local/lib/python3.8/dist-packages
2022-06-07T17:46:47.663549+00:00 DEBUG 'ansible_navigator.main' appdirs==1.4.4 /usr/local/lib/python3.8/dist-packages
2022-06-07T17:46:47.663566+00:00 DEBUG 'ansible_navigator.main' attrs==21.4.0 /usr/local/lib/python3.8/dist-packages
2022-06-07T17:46:47.663584+00:00 DEBUG 'ansible_navigator.main' backcall==0.1.0 /usr/lib/python3/dist-packages
2022-06-07T17:46:47.663601+00:00 DEBUG 'ansible_navigator.main' backports.zoneinfo==0.2.1 /usr/local/lib/python3.8/dist-packages
2022-06-07T17:46:47.663619+00:00 DEBUG 'ansible_navigator.main' bcrypt==3.1.7 /usr/lib/python3/dist-packages
2022-06-07T17:46:47.663636+00:00 DEBUG 'ansible_navigator.main' bindep==2.11.0 /usr/local/lib/python3.8/dist-packages
2022-06-07T17:46:47.663653+00:00 DEBUG 'ansible_navigator.main' certifi==2019.11.28 /usr/lib/python3/dist-packages
2022-06-07T17:46:47.663670+00:00 DEBUG 'ansible_navigator.main' cffi==1.15.0 /usr/local/lib/python3.8/dist-packages
2022-06-07T17:46:47.663687+00:00 DEBUG 'ansible_navigator.main' chardet==3.0.4 /usr/lib/python3/dist-packages
2022-06-07T17:46:47.663704+00:00 DEBUG 'ansible_navigator.main' colorama==0.4.4 /usr/local/lib/python3.8/dist-packages
2022-06-07T17:46:47.663721+00:00 DEBUG 'ansible_navigator.main' command-not-found==0.3 /usr/lib/python3/dist-packages
2022-06-07T17:46:47.663738+00:00 DEBUG 'ansible_navigator.main' cryptography==2.8 /usr/lib/python3/dist-packages
2022-06-07T17:46:47.663755+00:00 DEBUG 'ansible_navigator.main' dbus-python==1.2.16 /usr/lib/python3/dist-packages
2022-06-07T17:46:47.663772+00:00 DEBUG 'ansible_navigator.main' decorator==4.4.2 /usr/lib/python3/dist-packages
2022-06-07T17:46:47.663791+00:00 DEBUG 'ansible_navigator.main' distro-info==0.23ubuntu1 /usr/lib/python3/dist-packages
2022-06-07T17:46:47.663807+00:00 DEBUG 'ansible_navigator.main' distro==1.7.0 /usr/local/lib/python3.8/dist-packages
2022-06-07T17:46:47.663825+00:00 DEBUG 'ansible_navigator.main' docutils==0.18.1 /usr/local/lib/python3.8/dist-packages
2022-06-07T17:46:47.663841+00:00 DEBUG 'ansible_navigator.main' flake8==4.0.1 /usr/local/lib/python3.8/dist-packages
2022-06-07T17:46:47.663858+00:00 DEBUG 'ansible_navigator.main' idna==2.8 /usr/lib/python3/dist-packages
2022-06-07T17:46:47.663876+00:00 DEBUG 'ansible_navigator.main' importlib-resources==5.7.1 /usr/local/lib/python3.8/dist-packages
2022-06-07T17:46:47.663893+00:00 DEBUG 'ansible_navigator.main' ipython-genutils==0.2.0 /usr/lib/python3/dist-packages
2022-06-07T17:46:47.663910+00:00 DEBUG 'ansible_navigator.main' ipython==7.13.0 /usr/lib/python3/dist-packages
2022-06-07T17:46:47.663927+00:00 DEBUG 'ansible_navigator.main' jedi==0.15.2 /usr/lib/python3/dist-packages
2022-06-07T17:46:47.663944+00:00 DEBUG 'ansible_navigator.main' jinja2==2.10.1 /usr/lib/python3/dist-packages
2022-06-07T17:46:47.663960+00:00 DEBUG 'ansible_navigator.main' jmespath==0.9.4 /usr/lib/python3/dist-packages
2022-06-07T17:46:47.663981+00:00 DEBUG 'ansible_navigator.main' jsonschema==4.6.0 /usr/local/lib/python3.8/dist-packages
2022-06-07T17:46:47.663999+00:00 DEBUG 'ansible_navigator.main' language-selector==0.1 /usr/lib/python3/dist-packages
2022-06-07T17:46:47.664016+00:00 DEBUG 'ansible_navigator.main' lockfile==0.12.2 /usr/local/lib/python3.8/dist-packages
2022-06-07T17:46:47.664033+00:00 DEBUG 'ansible_navigator.main' markupsafe==1.1.0 /usr/lib/python3/dist-packages
2022-06-07T17:46:47.664050+00:00 DEBUG 'ansible_navigator.main' mccabe==0.6.1 /usr/local/lib/python3.8/dist-packages
2022-06-07T17:46:47.664067+00:00 DEBUG 'ansible_navigator.main' nested-lookup==0.2.23 /usr/local/lib/python3.8/dist-packages
2022-06-07T17:46:47.664084+00:00 DEBUG 'ansible_navigator.main' netifaces==0.10.4 /usr/lib/python3/dist-packages
2022-06-07T17:46:47.664101+00:00 DEBUG 'ansible_navigator.main' ntlm-auth==1.1.0 /usr/lib/python3/dist-packages
2022-06-07T17:46:47.664119+00:00 DEBUG 'ansible_navigator.main' onigurumacffi==1.2.0 /usr/local/lib/python3.8/dist-packages
2022-06-07T17:46:47.664135+00:00 DEBUG 'ansible_navigator.main' packaging==20.3 /usr/lib/python3/dist-packages
2022-06-07T17:46:47.664152+00:00 DEBUG 'ansible_navigator.main' paramiko==2.6.0 /usr/lib/python3/dist-packages
2022-06-07T17:46:47.664170+00:00 DEBUG 'ansible_navigator.main' parsley==1.3 /usr/local/lib/python3.8/dist-packages
2022-06-07T17:46:47.664186+00:00 DEBUG 'ansible_navigator.main' parso==0.5.2 /usr/lib/python3/dist-packages
2022-06-07T17:46:47.664203+00:00 DEBUG 'ansible_navigator.main' pathspec==0.9.0 /usr/local/lib/python3.8/dist-packages
2022-06-07T17:46:47.664220+00:00 DEBUG 'ansible_navigator.main' pbr==5.9.0 /usr/local/lib/python3.8/dist-packages
2022-06-07T17:46:47.664237+00:00 DEBUG 'ansible_navigator.main' pexpect==4.6.0 /usr/lib/python3/dist-packages
2022-06-07T17:46:47.664253+00:00 DEBUG 'ansible_navigator.main' pickleshare==0.7.5 /usr/lib/python3/dist-packages
2022-06-07T17:46:47.664270+00:00 DEBUG 'ansible_navigator.main' pip==20.0.2 /usr/lib/python3/dist-packages
2022-06-07T17:46:47.664287+00:00 DEBUG 'ansible_navigator.main' ply==3.11 /usr/lib/python3/dist-packages
2022-06-07T17:46:47.664304+00:00 DEBUG 'ansible_navigator.main' prompt-toolkit==2.0.10 /usr/lib/python3/dist-packages
2022-06-07T17:46:47.664321+00:00 DEBUG 'ansible_navigator.main' pycodestyle==2.8.0 /usr/local/lib/python3.8/dist-packages
2022-06-07T17:46:47.664337+00:00 DEBUG 'ansible_navigator.main' pycparser==2.21 /usr/local/lib/python3.8/dist-packages
2022-06-07T17:46:47.664354+00:00 DEBUG 'ansible_navigator.main' pyflakes==2.4.0 /usr/local/lib/python3.8/dist-packages
2022-06-07T17:46:47.664371+00:00 DEBUG 'ansible_navigator.main' pygments==2.3.1 /usr/lib/python3/dist-packages
2022-06-07T17:46:47.664387+00:00 DEBUG 'ansible_navigator.main' pygobject==3.36.0 /usr/lib/python3/dist-packages
2022-06-07T17:46:47.664405+00:00 DEBUG 'ansible_navigator.main' pykerberos==1.1.14 /usr/lib/python3/dist-packages
2022-06-07T17:46:47.664423+00:00 DEBUG 'ansible_navigator.main' pymacaroons==0.13.0 /usr/lib/python3/dist-packages
2022-06-07T17:46:47.664439+00:00 DEBUG 'ansible_navigator.main' pynacl==1.3.0 /usr/lib/python3/dist-packages
2022-06-07T17:46:47.664456+00:00 DEBUG 'ansible_navigator.main' pyparsing==2.4.6 /usr/lib/python3/dist-packages
2022-06-07T17:46:47.664473+00:00 DEBUG 'ansible_navigator.main' pyrsistent==0.18.1 /usr/local/lib/python3.8/dist-packages
2022-06-07T17:46:47.664490+00:00 DEBUG 'ansible_navigator.main' python-apt==2.0.0+ubuntu0.20.4.7 /usr/lib/python3/dist-packages
2022-06-07T17:46:47.664507+00:00 DEBUG 'ansible_navigator.main' python-daemon==2.3.0 /usr/local/lib/python3.8/dist-packages
2022-06-07T17:46:47.664524+00:00 DEBUG 'ansible_navigator.main' python-json-logger==2.0.2 /usr/local/lib/python3.8/dist-packages
2022-06-07T17:46:47.664541+00:00 DEBUG 'ansible_navigator.main' pywinrm==0.3.0 /usr/lib/python3/dist-packages
2022-06-07T17:46:47.664559+00:00 DEBUG 'ansible_navigator.main' pyyaml==6.0 /usr/local/lib/python3.8/dist-packages
2022-06-07T17:46:47.664576+00:00 DEBUG 'ansible_navigator.main' requests-kerberos==0.12.0 /usr/lib/python3/dist-packages
2022-06-07T17:46:47.664595+00:00 DEBUG 'ansible_navigator.main' requests-ntlm==1.1.0 /usr/lib/python3/dist-packages
2022-06-07T17:46:47.664613+00:00 DEBUG 'ansible_navigator.main' requests-unixsocket==0.2.0 /usr/lib/python3/dist-packages
2022-06-07T17:46:47.664630+00:00 DEBUG 'ansible_navigator.main' requests==2.22.0 /usr/lib/python3/dist-packages
2022-06-07T17:46:47.664647+00:00 DEBUG 'ansible_navigator.main' requirements-parser==0.5.0 /usr/local/lib/python3.8/dist-packages
2022-06-07T17:46:47.664664+00:00 DEBUG 'ansible_navigator.main' resolvelib==0.5.4 /usr/lib/python3/dist-packages
2022-06-07T17:46:47.664681+00:00 DEBUG 'ansible_navigator.main' ruamel.yaml==0.15.89 /usr/lib/python3/dist-packages
2022-06-07T17:46:47.664698+00:00 DEBUG 'ansible_navigator.main' setuptools==45.2.0 /usr/lib/python3/dist-packages
2022-06-07T17:46:47.664715+00:00 DEBUG 'ansible_navigator.main' six==1.14.0 /usr/lib/python3/dist-packages
2022-06-07T17:46:47.664732+00:00 DEBUG 'ansible_navigator.main' toolz==0.11.2 /usr/local/lib/python3.8/dist-packages
2022-06-07T17:46:47.664749+00:00 DEBUG 'ansible_navigator.main' traitlets==4.3.3 /usr/lib/python3/dist-packages
2022-06-07T17:46:47.664765+00:00 DEBUG 'ansible_navigator.main' types-setuptools==57.4.17 /usr/local/lib/python3.8/dist-packages
2022-06-07T17:46:47.664783+00:00 DEBUG 'ansible_navigator.main' tzdata==2022.1 /usr/local/lib/python3.8/dist-packages
2022-06-07T17:46:47.664800+00:00 DEBUG 'ansible_navigator.main' ubuntu-advantage-tools==27.7 /usr/lib/python3/dist-packages
2022-06-07T17:46:47.664816+00:00 DEBUG 'ansible_navigator.main' ufw==0.36 /usr/lib/python3/dist-packages
2022-06-07T17:46:47.664833+00:00 DEBUG 'ansible_navigator.main' unattended-upgrades==0.1 /usr/lib/python3/dist-packages
2022-06-07T17:46:47.664850+00:00 DEBUG 'ansible_navigator.main' unidiff==0.7.3 /usr/local/lib/python3.8/dist-packages
2022-06-07T17:46:47.664867+00:00 DEBUG 'ansible_navigator.main' urllib3==1.25.8 /usr/lib/python3/dist-packages
2022-06-07T17:46:47.664884+00:00 DEBUG 'ansible_navigator.main' wcwidth==0.1.8 /usr/lib/python3/dist-packages
2022-06-07T17:46:47.664901+00:00 DEBUG 'ansible_navigator.main' wheel==0.34.2 /usr/lib/python3/dist-packages
2022-06-07T17:46:47.664918+00:00 DEBUG 'ansible_navigator.main' xmltodict==0.12.0 /usr/lib/python3/dist-packages
2022-06-07T17:46:47.664935+00:00 DEBUG 'ansible_navigator.main' yamllint==1.26.3 /usr/local/lib/python3.8/dist-packages
2022-06-07T17:46:47.664952+00:00 DEBUG 'ansible_navigator.main' zipp==3.8.0 /usr/local/lib/python3.8/dist-packages
2022-06-07T17:46:47.664968+00:00 DEBUG 'ansible_navigator.main' Share directory '/usr/local/lib/python3.8/share/ansible_navigator' not found (development path)
2022-06-07T17:46:47.664986+00:00 DEBUG 'ansible_navigator.main' Share directory '/root/.local/share/ansible_navigator' not found (userbase)
2022-06-07T17:46:47.665003+00:00 DEBUG 'ansible_navigator.main' Share directory '/usr/share/ansible_navigator' not found (sys.prefix)
2022-06-07T17:46:47.665020+00:00 DEBUG 'ansible_navigator.main' Share directory '/usr/share/ansible_navigator' not found (datarootdir)
2022-06-07T17:46:47.665036+00:00 DEBUG 'ansible_navigator.main' Share directory '/usr/share/ansible_navigator' not found (datadir)
2022-06-07T17:46:47.665054+00:00 DEBUG 'ansible_navigator.main' Share directory '/usr/local/share/ansible_navigator' found (prefix)
2022-06-07T17:46:47.665071+00:00 DEBUG 'ansible_navigator.main' Default collection_doc_cache_path set to: /root/.cache/ansible-navigator/collection_doc_cache.db
2022-06-07T17:46:47.665088+00:00 DEBUG 'ansible_navigator.main' EDITOR environment variable not set
2022-06-07T17:46:47.665105+00:00 DEBUG 'ansible_navigator.main' Default editor_command set to: vi +{line_number} {filename}
2022-06-07T17:46:47.665123+00:00 DEBUG 'ansible_navigator.main' No config file set by ANSIBLE_NAVIGATOR_CONFIG
2022-06-07T17:46:47.665139+00:00 DEBUG 'ansible_navigator.main' Looking in /root
2022-06-07T17:46:47.665157+00:00 DEBUG 'ansible_navigator.main' Looking for '/root/.ansible-navigator.yml', '/root/.ansible-navigator.yaml' and '/root/.ansible-navigator.json'
2022-06-07T17:46:47.665176+00:00 DEBUG 'ansible_navigator.main' Found 0: 
2022-06-07T17:46:47.665195+00:00 DEBUG 'ansible_navigator.main' Looking in /root/playbook
2022-06-07T17:46:47.665212+00:00 DEBUG 'ansible_navigator.main' Looking for '/root/playbook/ansible-navigator.yml', '/root/playbook/ansible-navigator.yaml' and '/root/playbook/ansible-navigator.json'
2022-06-07T17:46:47.665229+00:00 DEBUG 'ansible_navigator.main' Found 0: 
2022-06-07T17:46:47.665246+00:00 DEBUG 'ansible_navigator.main' All found 0: 
2022-06-07T17:46:47.665263+00:00 DEBUG 'ansible_navigator.main' Using: None
2022-06-07T17:46:47.665281+00:00 DEBUG 'ansible_navigator.main' No valid settings file found, using all default values for settings.
2022-06-07T17:46:47.665298+00:00 DEBUG 'ansible_navigator.main' Command provided: ''
2022-06-07T17:46:47.665315+00:00 DEBUG 'ansible_navigator.main' EE support enabled: using current working directory for 'ansible.cfg'
2022-06-07T17:46:47.665332+00:00 INFO 'ansible_navigator.main' EE support enabled: no 'ansible.cfg' found in current working directory. Tried /root/playbook/ansible.cfg
2022-06-07T17:46:47.665349+00:00 DEBUG 'ansible_navigator.main' Completed post processing for ansible_runner_artifact_dir. (changed=False)
2022-06-07T17:46:47.665366+00:00 DEBUG 'ansible_navigator.main' Completed post processing for ansible_runner_rotate_artifacts_count. (changed=False)
2022-06-07T17:46:47.665383+00:00 DEBUG 'ansible_navigator.main' Completed post processing for ansible_runner_timeout. (changed=False)
2022-06-07T17:46:47.665400+00:00 DEBUG 'ansible_navigator.main' Completed post processing for cmdline. (changed=False)
2022-06-07T17:46:47.665417+00:00 DEBUG 'ansible_navigator.main' Completed post processing for collection_doc_cache_path. (changed=False)
2022-06-07T17:46:47.665434+00:00 DEBUG 'ansible_navigator.main' Completed post processing for container_engine. (changed=False)
2022-06-07T17:46:47.665451+00:00 DEBUG 'ansible_navigator.main' Completed post processing for container_options. (changed=False)
2022-06-07T17:46:47.665468+00:00 DEBUG 'ansible_navigator.main' Completed post processing for display_color. (changed=False)
2022-06-07T17:46:47.665484+00:00 DEBUG 'ansible_navigator.main' Completed post processing for execution_environment. (changed=False)
2022-06-07T17:46:47.665502+00:00 DEBUG 'ansible_navigator.main' Completed post processing for execution_environment_image. (changed=False)
2022-06-07T17:46:47.665519+00:00 DEBUG 'ansible_navigator.main' Completed post processing for help_builder. (changed=False)
2022-06-07T17:46:47.665536+00:00 DEBUG 'ansible_navigator.main' Completed post processing for help_config. (changed=False)
2022-06-07T17:46:47.665553+00:00 DEBUG 'ansible_navigator.main' Completed post processing for help_doc. (changed=False)
2022-06-07T17:46:47.665570+00:00 DEBUG 'ansible_navigator.main' Completed post processing for help_inventory. (changed=False)
2022-06-07T17:46:47.665587+00:00 DEBUG 'ansible_navigator.main' Completed post processing for help_playbook. (changed=False)
2022-06-07T17:46:47.665604+00:00 DEBUG 'ansible_navigator.main' Completed post processing for images_details. (changed=False)
2022-06-07T17:46:47.665621+00:00 DEBUG 'ansible_navigator.main' Completed post processing for inventory. (changed=False)
2022-06-07T17:46:47.665637+00:00 DEBUG 'ansible_navigator.main' Completed post processing for inventory_column. (changed=False)
2022-06-07T17:46:47.665654+00:00 DEBUG 'ansible_navigator.main' Completed post processing for log_file. (changed=False)
2022-06-07T17:46:47.665671+00:00 DEBUG 'ansible_navigator.main' Completed post processing for pass_environment_variable. (changed=False)
2022-06-07T17:46:47.665688+00:00 DEBUG 'ansible_navigator.main' Completed post processing for playbook. (changed=False)
2022-06-07T17:46:47.665704+00:00 DEBUG 'ansible_navigator.main' Completed post processing for playbook_artifact_replay. (changed=False)
2022-06-07T17:46:47.665722+00:00 DEBUG 'ansible_navigator.main' Completed post processing for playbook_artifact_save_as. (changed=False)
2022-06-07T17:46:47.665741+00:00 DEBUG 'ansible_navigator.main' Completed post processing for plugin_name. (changed=False)
2022-06-07T17:46:47.665758+00:00 DEBUG 'ansible_navigator.main' Completed post processing for pull_arguments. (changed=False)
2022-06-07T17:46:47.665775+00:00 DEBUG 'ansible_navigator.main' Completed post processing for set_environment_variable. (changed=False)
2022-06-07T17:46:47.665792+00:00 DEBUG 'ansible_navigator.main' Completed post processing for settings_effective. (changed=False)
2022-06-07T17:46:47.665809+00:00 DEBUG 'ansible_navigator.main' Completed post processing for settings_sample. (changed=False)
2022-06-07T17:46:47.665826+00:00 DEBUG 'ansible_navigator.main' Completed post processing for settings_schema. (changed=False)
2022-06-07T17:46:47.665843+00:00 DEBUG 'ansible_navigator.main' Completed post processing for settings_sources. (changed=False)
2022-06-07T17:46:47.665859+00:00 DEBUG 'ansible_navigator.main' Completed post processing for time_zone. (changed=False)
2022-06-07T17:46:47.665876+00:00 DEBUG 'ansible_navigator.main' Completed post processing for execution_environment_volume_mounts. (changed=False)
2022-06-07T17:46:47.665893+00:00 DEBUG 'ansible_navigator.main' Completed post processing for mode. (changed=False)
2022-06-07T17:46:47.665911+00:00 WARNING 'ansible_navigator.main' Configuration errors encountered, rolling back to previous configuration.
2022-06-07T17:46:47.665929+00:00 DEBUG 'ansible_navigator.main' Prior to rollback: ansible_runner_artifact_dir = 'Not set' (Constants/Not set)
2022-06-07T17:46:47.665945+00:00 DEBUG 'ansible_navigator.main' Prior to rollback: ansible_runner_rotate_artifacts_count = 'Not set' (Constants/Not set)
2022-06-07T17:46:47.665962+00:00 DEBUG 'ansible_navigator.main' Prior to rollback: ansible_runner_timeout = 'Not set' (Constants/Not set)
2022-06-07T17:46:47.665979+00:00 DEBUG 'ansible_navigator.main' Prior to rollback: app = 'welcome' (str/Defaults)
2022-06-07T17:46:47.665996+00:00 DEBUG 'ansible_navigator.main' Prior to rollback: cmdline = 'Not set' (Constants/Not set)
2022-06-07T17:46:47.666012+00:00 DEBUG 'ansible_navigator.main' Prior to rollback: collection_doc_cache_path = '/root/.cache/ansible-navigator/collection_doc_cache.db' (str/Defaults)
2022-06-07T17:46:47.666029+00:00 DEBUG 'ansible_navigator.main' Prior to rollback: config = 'Not set' (Constants/Not set)
2022-06-07T17:46:47.666046+00:00 DEBUG 'ansible_navigator.main' Prior to rollback: container_engine = 'auto' (str/Defaults)
2022-06-07T17:46:47.666062+00:00 DEBUG 'ansible_navigator.main' Prior to rollback: container_options = 'Not set' (Constants/Not set)
2022-06-07T17:46:47.666079+00:00 DEBUG 'ansible_navigator.main' Prior to rollback: display_color = 'True' (bool/Defaults)
2022-06-07T17:46:47.666096+00:00 DEBUG 'ansible_navigator.main' Prior to rollback: editor_command = 'vi +{line_number} {filename}' (str/Defaults)
2022-06-07T17:46:47.666113+00:00 DEBUG 'ansible_navigator.main' Prior to rollback: editor_console = 'True' (bool/Defaults)
2022-06-07T17:46:47.666130+00:00 DEBUG 'ansible_navigator.main' Prior to rollback: exec_command = '/bin/bash' (str/Defaults)
2022-06-07T17:46:47.666147+00:00 DEBUG 'ansible_navigator.main' Prior to rollback: exec_shell = 'True' (bool/Defaults)
2022-06-07T17:46:47.666164+00:00 DEBUG 'ansible_navigator.main' Prior to rollback: execution_environment = 'True' (bool/Defaults)
2022-06-07T17:46:47.666181+00:00 DEBUG 'ansible_navigator.main' Prior to rollback: execution_environment_image = 'quay.io/ansible/creator-ee:v0.4.2' (str/Defaults)
2022-06-07T17:46:47.666198+00:00 DEBUG 'ansible_navigator.main' Prior to rollback: execution_environment_volume_mounts = 'Not set' (Constants/Not set)
2022-06-07T17:46:47.666215+00:00 DEBUG 'ansible_navigator.main' Prior to rollback: help_builder = 'False' (bool/Defaults)
2022-06-07T17:46:47.666231+00:00 DEBUG 'ansible_navigator.main' Prior to rollback: help_config = 'False' (bool/Defaults)
2022-06-07T17:46:47.666248+00:00 DEBUG 'ansible_navigator.main' Prior to rollback: help_doc = 'False' (bool/Defaults)
2022-06-07T17:46:47.666267+00:00 DEBUG 'ansible_navigator.main' Prior to rollback: help_inventory = 'False' (bool/Defaults)
2022-06-07T17:46:47.666284+00:00 DEBUG 'ansible_navigator.main' Prior to rollback: help_playbook = 'False' (bool/Defaults)
2022-06-07T17:46:47.666301+00:00 DEBUG 'ansible_navigator.main' Prior to rollback: images_details = '['everything']' (list/Defaults)
2022-06-07T17:46:47.666318+00:00 DEBUG 'ansible_navigator.main' Prior to rollback: inventory = 'Not set' (Constants/Not set)
2022-06-07T17:46:47.666335+00:00 DEBUG 'ansible_navigator.main' Prior to rollback: inventory_column = 'Not set' (Constants/Not set)
2022-06-07T17:46:47.666352+00:00 DEBUG 'ansible_navigator.main' Prior to rollback: lint_config = 'Not set' (Constants/Not set)
2022-06-07T17:46:47.666368+00:00 DEBUG 'ansible_navigator.main' Prior to rollback: lintables = 'Not set' (Constants/Not set)
2022-06-07T17:46:47.666385+00:00 DEBUG 'ansible_navigator.main' Prior to rollback: log_append = 'True' (bool/Defaults)
2022-06-07T17:46:47.666402+00:00 DEBUG 'ansible_navigator.main' Prior to rollback: log_file = '/root/playbook/ansible-navigator.log' (str/Defaults)
2022-06-07T17:46:47.666419+00:00 DEBUG 'ansible_navigator.main' Prior to rollback: log_level = 'warning' (str/Defaults)
2022-06-07T17:46:47.666436+00:00 DEBUG 'ansible_navigator.main' Prior to rollback: mode = 'interactive' (str/Defaults)
2022-06-07T17:46:47.666452+00:00 DEBUG 'ansible_navigator.main' Prior to rollback: osc4 = 'True' (bool/Defaults)
2022-06-07T17:46:47.666469+00:00 DEBUG 'ansible_navigator.main' Prior to rollback: pass_environment_variable = 'Not set' (Constants/Not set)
2022-06-07T17:46:47.666486+00:00 DEBUG 'ansible_navigator.main' Prior to rollback: playbook = 'Not set' (Constants/Not set)
2022-06-07T17:46:47.666503+00:00 DEBUG 'ansible_navigator.main' Prior to rollback: playbook_artifact_enable = 'True' (bool/Defaults)
2022-06-07T17:46:47.666519+00:00 DEBUG 'ansible_navigator.main' Prior to rollback: playbook_artifact_replay = 'Not set' (Constants/Not set)
2022-06-07T17:46:47.666536+00:00 DEBUG 'ansible_navigator.main' Prior to rollback: playbook_artifact_save_as = '{playbook_dir}/{playbook_name}-artifact-{time_stamp}.json' (str/Defaults)
2022-06-07T17:46:47.666553+00:00 DEBUG 'ansible_navigator.main' Prior to rollback: plugin_name = 'Not set' (Constants/Not set)
2022-06-07T17:46:47.666569+00:00 DEBUG 'ansible_navigator.main' Prior to rollback: plugin_type = 'module' (str/Defaults)
2022-06-07T17:46:47.666586+00:00 DEBUG 'ansible_navigator.main' Prior to rollback: pull_arguments = 'Not set' (Constants/Not set)
2022-06-07T17:46:47.666603+00:00 DEBUG 'ansible_navigator.main' Prior to rollback: pull_policy = 'tag' (str/Defaults)
2022-06-07T17:46:47.666619+00:00 DEBUG 'ansible_navigator.main' Prior to rollback: set_environment_variable = 'Not set' (Constants/Not set)
2022-06-07T17:46:47.666636+00:00 DEBUG 'ansible_navigator.main' Prior to rollback: settings_effective = 'False' (bool/Defaults)
2022-06-07T17:46:47.666652+00:00 DEBUG 'ansible_navigator.main' Prior to rollback: settings_sample = 'False' (bool/Defaults)
2022-06-07T17:46:47.666669+00:00 DEBUG 'ansible_navigator.main' Prior to rollback: settings_schema = 'json' (str/Defaults)
2022-06-07T17:46:47.666685+00:00 DEBUG 'ansible_navigator.main' Prior to rollback: settings_sources = 'False' (bool/Defaults)
2022-06-07T17:46:47.666701+00:00 DEBUG 'ansible_navigator.main' Prior to rollback: time_zone = 'UTC' (str/Defaults)
2022-06-07T17:46:47.666797+00:00 DEBUG 'ansible_navigator.main' Prior to rollback: workdir = '/root/playbook' (str/Defaults)
2022-06-07T17:46:47.666816+00:00 DEBUG 'ansible_navigator.main' After rollback: ansible_runner_artifact_dir = 'Not set' (Constants/Not set)
2022-06-07T17:46:47.666833+00:00 DEBUG 'ansible_navigator.main' After rollback: ansible_runner_rotate_artifacts_count = 'Not set' (Constants/Not set)
2022-06-07T17:46:47.666850+00:00 DEBUG 'ansible_navigator.main' After rollback: ansible_runner_timeout = 'Not set' (Constants/Not set)
2022-06-07T17:46:47.666871+00:00 DEBUG 'ansible_navigator.main' After rollback: app = 'Not set' (Constants/Not set)
2022-06-07T17:46:47.666889+00:00 DEBUG 'ansible_navigator.main' After rollback: cmdline = 'Not set' (Constants/Not set)
2022-06-07T17:46:47.666906+00:00 DEBUG 'ansible_navigator.main' After rollback: collection_doc_cache_path = 'Not set' (Constants/Not set)
2022-06-07T17:46:47.666923+00:00 DEBUG 'ansible_navigator.main' After rollback: config = 'Not set' (Constants/Not set)
2022-06-07T17:46:47.666939+00:00 DEBUG 'ansible_navigator.main' After rollback: container_engine = 'Not set' (Constants/Not set)
2022-06-07T17:46:47.666956+00:00 DEBUG 'ansible_navigator.main' After rollback: container_options = 'Not set' (Constants/Not set)
2022-06-07T17:46:47.666973+00:00 DEBUG 'ansible_navigator.main' After rollback: display_color = 'Not set' (Constants/Not set)
2022-06-07T17:46:47.666990+00:00 DEBUG 'ansible_navigator.main' After rollback: editor_command = 'Not set' (Constants/Not set)
2022-06-07T17:46:47.667007+00:00 DEBUG 'ansible_navigator.main' After rollback: editor_console = 'Not set' (Constants/Not set)
2022-06-07T17:46:47.667024+00:00 DEBUG 'ansible_navigator.main' After rollback: exec_command = 'Not set' (Constants/Not set)
2022-06-07T17:46:47.667041+00:00 DEBUG 'ansible_navigator.main' After rollback: exec_shell = 'Not set' (Constants/Not set)
2022-06-07T17:46:47.667059+00:00 DEBUG 'ansible_navigator.main' After rollback: execution_environment = 'Not set' (Constants/Not set)
2022-06-07T17:46:47.667088+00:00 DEBUG 'ansible_navigator.main' After rollback: execution_environment_image = 'Not set' (Constants/Not set)
2022-06-07T17:46:47.667112+00:00 DEBUG 'ansible_navigator.main' After rollback: execution_environment_volume_mounts = 'Not set' (Constants/Not set)
2022-06-07T17:46:47.667130+00:00 DEBUG 'ansible_navigator.main' After rollback: help_builder = 'Not set' (Constants/Not set)
2022-06-07T17:46:47.667148+00:00 DEBUG 'ansible_navigator.main' After rollback: help_config = 'Not set' (Constants/Not set)
2022-06-07T17:46:47.667165+00:00 DEBUG 'ansible_navigator.main' After rollback: help_doc = 'Not set' (Constants/Not set)
2022-06-07T17:46:47.667182+00:00 DEBUG 'ansible_navigator.main' After rollback: help_inventory = 'Not set' (Constants/Not set)
2022-06-07T17:46:47.667198+00:00 DEBUG 'ansible_navigator.main' After rollback: help_playbook = 'Not set' (Constants/Not set)
2022-06-07T17:46:47.667215+00:00 DEBUG 'ansible_navigator.main' After rollback: images_details = 'Not set' (Constants/Not set)
2022-06-07T17:46:47.667232+00:00 DEBUG 'ansible_navigator.main' After rollback: inventory = 'Not set' (Constants/Not set)
2022-06-07T17:46:47.667249+00:00 DEBUG 'ansible_navigator.main' After rollback: inventory_column = 'Not set' (Constants/Not set)
2022-06-07T17:46:47.667267+00:00 DEBUG 'ansible_navigator.main' After rollback: lint_config = 'Not set' (Constants/Not set)
2022-06-07T17:46:47.667284+00:00 DEBUG 'ansible_navigator.main' After rollback: lintables = 'Not set' (Constants/Not set)
2022-06-07T17:46:47.667300+00:00 DEBUG 'ansible_navigator.main' After rollback: log_append = 'Not set' (Constants/Not set)
2022-06-07T17:46:47.667317+00:00 DEBUG 'ansible_navigator.main' After rollback: log_file = 'Not set' (Constants/Not set)
2022-06-07T17:46:47.667334+00:00 DEBUG 'ansible_navigator.main' After rollback: log_level = 'Not set' (Constants/Not set)
2022-06-07T17:46:47.667351+00:00 DEBUG 'ansible_navigator.main' After rollback: mode = 'Not set' (Constants/Not set)
2022-06-07T17:46:47.667368+00:00 DEBUG 'ansible_navigator.main' After rollback: osc4 = 'Not set' (Constants/Not set)
2022-06-07T17:46:47.667385+00:00 DEBUG 'ansible_navigator.main' After rollback: pass_environment_variable = 'Not set' (Constants/Not set)
2022-06-07T17:46:47.667402+00:00 DEBUG 'ansible_navigator.main' After rollback: playbook = 'Not set' (Constants/Not set)
2022-06-07T17:46:47.667419+00:00 DEBUG 'ansible_navigator.main' After rollback: playbook_artifact_enable = 'Not set' (Constants/Not set)
2022-06-07T17:46:47.667439+00:00 DEBUG 'ansible_navigator.main' After rollback: playbook_artifact_replay = 'Not set' (Constants/Not set)
2022-06-07T17:46:47.667457+00:00 DEBUG 'ansible_navigator.main' After rollback: playbook_artifact_save_as = 'Not set' (Constants/Not set)
2022-06-07T17:46:47.667474+00:00 DEBUG 'ansible_navigator.main' After rollback: plugin_name = 'Not set' (Constants/Not set)
2022-06-07T17:46:47.667491+00:00 DEBUG 'ansible_navigator.main' After rollback: plugin_type = 'Not set' (Constants/Not set)
2022-06-07T17:46:47.667508+00:00 DEBUG 'ansible_navigator.main' After rollback: pull_arguments = 'Not set' (Constants/Not set)
2022-06-07T17:46:47.667525+00:00 DEBUG 'ansible_navigator.main' After rollback: pull_policy = 'Not set' (Constants/Not set)
2022-06-07T17:46:47.667542+00:00 DEBUG 'ansible_navigator.main' After rollback: set_environment_variable = 'Not set' (Constants/Not set)
2022-06-07T17:46:47.667559+00:00 DEBUG 'ansible_navigator.main' After rollback: settings_effective = 'Not set' (Constants/Not set)
2022-06-07T17:46:47.667576+00:00 DEBUG 'ansible_navigator.main' After rollback: settings_sample = 'Not set' (Constants/Not set)
2022-06-07T17:46:47.667593+00:00 DEBUG 'ansible_navigator.main' After rollback: settings_schema = 'Not set' (Constants/Not set)
2022-06-07T17:46:47.667610+00:00 DEBUG 'ansible_navigator.main' After rollback: settings_sources = 'Not set' (Constants/Not set)
2022-06-07T17:46:47.667627+00:00 DEBUG 'ansible_navigator.main' After rollback: time_zone = 'Not set' (Constants/Not set)
2022-06-07T17:46:47.667645+00:00 DEBUG 'ansible_navigator.main' After rollback: workdir = 'Not set' (Constants/Not set)
2022-06-07T17:46:47.667662+00:00 DEBUG 'ansible_navigator.main' Configuration rollback complete.
2022-06-07T17:46:47.667679+00:00 DEBUG 'ansible_navigator.main' Collection doc cache not mounted
2022-06-07T17:46:47.667703+00:00 WARNING 'ansible_navigator.main' Issues were found while applying the settings.
2022-06-07T17:46:47.667723+00:00 INFO 'ansible_navigator.main' Command provided: ''
2022-06-07T17:46:47.667745+00:00 ERROR 'ansible_navigator.main' No container engine could be found: 'auto', set by 'Defaults'
2022-06-07T17:46:47.667765+00:00 INFO 'ansible_navigator.main' Try installing 'podman' or 'docker'
2022-06-07T17:46:47.667785+00:00 INFO 'ansible_navigator.main' Configuration failed, using default log file location. (/root/playbook/ansible-navigator.log) Log level set to debug
2022-06-07T17:46:47.667804+00:00 INFO 'ansible_navigator.main' Review the hints and log file to see what went wrong.
2022-06-07T17:46:50.148169+00:00 INFO 'ansible_navigator.setup_logger' New ansible-navigator instance, logging initialized
2022-06-07T17:46:50.148361+00:00 INFO 'ansible_navigator.setup_logger' New ansible-runner instance, logging initialized
2022-06-07T17:46:50.148394+00:00 DEBUG 'ansible_navigator.main' ansible-builder==1.1.0 /usr/local/lib/python3.8/dist-packages
2022-06-07T17:46:50.148417+00:00 DEBUG 'ansible_navigator.main' ansible-core==2.12.5 /usr/lib/python3/dist-packages
2022-06-07T17:46:50.148438+00:00 DEBUG 'ansible_navigator.main' ansible-later==2.0.14 /usr/local/lib/python3.8/dist-packages
2022-06-07T17:46:50.148457+00:00 DEBUG 'ansible_navigator.main' ansible-lint==4.2.0 /usr/lib/python3/dist-packages
2022-06-07T17:46:50.148475+00:00 DEBUG 'ansible_navigator.main' ansible-navigator==2.1.0 /usr/local/lib/python3.8/dist-packages
2022-06-07T17:46:50.148493+00:00 DEBUG 'ansible_navigator.main' ansible-runner==2.2.0 /usr/local/lib/python3.8/dist-packages
2022-06-07T17:46:50.148510+00:00 DEBUG 'ansible_navigator.main' ansible==5.7.1 /usr/lib/python3/dist-packages
2022-06-07T17:46:50.148528+00:00 DEBUG 'ansible_navigator.main' anyconfig==0.13.0 /usr/local/lib/python3.8/dist-packages
2022-06-07T17:46:50.148545+00:00 DEBUG 'ansible_navigator.main' appdirs==1.4.4 /usr/local/lib/python3.8/dist-packages
2022-06-07T17:46:50.148562+00:00 DEBUG 'ansible_navigator.main' attrs==21.4.0 /usr/local/lib/python3.8/dist-packages
2022-06-07T17:46:50.148580+00:00 DEBUG 'ansible_navigator.main' backcall==0.1.0 /usr/lib/python3/dist-packages
2022-06-07T17:46:50.148605+00:00 DEBUG 'ansible_navigator.main' backports.zoneinfo==0.2.1 /usr/local/lib/python3.8/dist-packages
2022-06-07T17:46:50.148624+00:00 DEBUG 'ansible_navigator.main' bcrypt==3.1.7 /usr/lib/python3/dist-packages
2022-06-07T17:46:50.148641+00:00 DEBUG 'ansible_navigator.main' bindep==2.11.0 /usr/local/lib/python3.8/dist-packages
2022-06-07T17:46:50.148658+00:00 DEBUG 'ansible_navigator.main' certifi==2019.11.28 /usr/lib/python3/dist-packages
2022-06-07T17:46:50.148676+00:00 DEBUG 'ansible_navigator.main' cffi==1.15.0 /usr/local/lib/python3.8/dist-packages
2022-06-07T17:46:50.148693+00:00 DEBUG 'ansible_navigator.main' chardet==3.0.4 /usr/lib/python3/dist-packages
2022-06-07T17:46:50.148710+00:00 DEBUG 'ansible_navigator.main' colorama==0.4.4 /usr/local/lib/python3.8/dist-packages
2022-06-07T17:46:50.148727+00:00 DEBUG 'ansible_navigator.main' command-not-found==0.3 /usr/lib/python3/dist-packages
2022-06-07T17:46:50.148744+00:00 DEBUG 'ansible_navigator.main' cryptography==2.8 /usr/lib/python3/dist-packages
2022-06-07T17:46:50.148762+00:00 DEBUG 'ansible_navigator.main' dbus-python==1.2.16 /usr/lib/python3/dist-packages
2022-06-07T17:46:50.148779+00:00 DEBUG 'ansible_navigator.main' decorator==4.4.2 /usr/lib/python3/dist-packages
2022-06-07T17:46:50.148796+00:00 DEBUG 'ansible_navigator.main' distro-info==0.23ubuntu1 /usr/lib/python3/dist-packages
2022-06-07T17:46:50.148813+00:00 DEBUG 'ansible_navigator.main' distro==1.7.0 /usr/local/lib/python3.8/dist-packages
2022-06-07T17:46:50.148830+00:00 DEBUG 'ansible_navigator.main' docutils==0.18.1 /usr/local/lib/python3.8/dist-packages
2022-06-07T17:46:50.148847+00:00 DEBUG 'ansible_navigator.main' flake8==4.0.1 /usr/local/lib/python3.8/dist-packages
2022-06-07T17:46:50.148864+00:00 DEBUG 'ansible_navigator.main' idna==2.8 /usr/lib/python3/dist-packages
2022-06-07T17:46:50.148881+00:00 DEBUG 'ansible_navigator.main' importlib-resources==5.7.1 /usr/local/lib/python3.8/dist-packages
2022-06-07T17:46:50.148898+00:00 DEBUG 'ansible_navigator.main' ipython-genutils==0.2.0 /usr/lib/python3/dist-packages
2022-06-07T17:46:50.148916+00:00 DEBUG 'ansible_navigator.main' ipython==7.13.0 /usr/lib/python3/dist-packages
2022-06-07T17:46:50.148933+00:00 DEBUG 'ansible_navigator.main' jedi==0.15.2 /usr/lib/python3/dist-packages
2022-06-07T17:46:50.148950+00:00 DEBUG 'ansible_navigator.main' jinja2==2.10.1 /usr/lib/python3/dist-packages
2022-06-07T17:46:50.148967+00:00 DEBUG 'ansible_navigator.main' jmespath==0.9.4 /usr/lib/python3/dist-packages
2022-06-07T17:46:50.148984+00:00 DEBUG 'ansible_navigator.main' jsonschema==4.6.0 /usr/local/lib/python3.8/dist-packages
2022-06-07T17:46:50.149001+00:00 DEBUG 'ansible_navigator.main' language-selector==0.1 /usr/lib/python3/dist-packages
2022-06-07T17:46:50.149019+00:00 DEBUG 'ansible_navigator.main' lockfile==0.12.2 /usr/local/lib/python3.8/dist-packages
2022-06-07T17:46:50.149036+00:00 DEBUG 'ansible_navigator.main' markupsafe==1.1.0 /usr/lib/python3/dist-packages
2022-06-07T17:46:50.149053+00:00 DEBUG 'ansible_navigator.main' mccabe==0.6.1 /usr/local/lib/python3.8/dist-packages
2022-06-07T17:46:50.149070+00:00 DEBUG 'ansible_navigator.main' nested-lookup==0.2.23 /usr/local/lib/python3.8/dist-packages
2022-06-07T17:46:50.149087+00:00 DEBUG 'ansible_navigator.main' netifaces==0.10.4 /usr/lib/python3/dist-packages
2022-06-07T17:46:50.149104+00:00 DEBUG 'ansible_navigator.main' ntlm-auth==1.1.0 /usr/lib/python3/dist-packages
2022-06-07T17:46:50.149121+00:00 DEBUG 'ansible_navigator.main' onigurumacffi==1.2.0 /usr/local/lib/python3.8/dist-packages
2022-06-07T17:46:50.149137+00:00 DEBUG 'ansible_navigator.main' packaging==20.3 /usr/lib/python3/dist-packages
2022-06-07T17:46:50.149155+00:00 DEBUG 'ansible_navigator.main' paramiko==2.6.0 /usr/lib/python3/dist-packages
2022-06-07T17:46:50.149171+00:00 DEBUG 'ansible_navigator.main' parsley==1.3 /usr/local/lib/python3.8/dist-packages
2022-06-07T17:46:50.149188+00:00 DEBUG 'ansible_navigator.main' parso==0.5.2 /usr/lib/python3/dist-packages
2022-06-07T17:46:50.149205+00:00 DEBUG 'ansible_navigator.main' pathspec==0.9.0 /usr/local/lib/python3.8/dist-packages
2022-06-07T17:46:50.149225+00:00 DEBUG 'ansible_navigator.main' pbr==5.9.0 /usr/local/lib/python3.8/dist-packages
2022-06-07T17:46:50.149243+00:00 DEBUG 'ansible_navigator.main' pexpect==4.6.0 /usr/lib/python3/dist-packages
2022-06-07T17:46:50.149260+00:00 DEBUG 'ansible_navigator.main' pickleshare==0.7.5 /usr/lib/python3/dist-packages
2022-06-07T17:46:50.149277+00:00 DEBUG 'ansible_navigator.main' pip==20.0.2 /usr/lib/python3/dist-packages
2022-06-07T17:46:50.149294+00:00 DEBUG 'ansible_navigator.main' ply==3.11 /usr/lib/python3/dist-packages
2022-06-07T17:46:50.149311+00:00 DEBUG 'ansible_navigator.main' prompt-toolkit==2.0.10 /usr/lib/python3/dist-packages
2022-06-07T17:46:50.149328+00:00 DEBUG 'ansible_navigator.main' pycodestyle==2.8.0 /usr/local/lib/python3.8/dist-packages
2022-06-07T17:46:50.149345+00:00 DEBUG 'ansible_navigator.main' pycparser==2.21 /usr/local/lib/python3.8/dist-packages
2022-06-07T17:46:50.149361+00:00 DEBUG 'ansible_navigator.main' pyflakes==2.4.0 /usr/local/lib/python3.8/dist-packages
2022-06-07T17:46:50.149378+00:00 DEBUG 'ansible_navigator.main' pygments==2.3.1 /usr/lib/python3/dist-packages
2022-06-07T17:46:50.149395+00:00 DEBUG 'ansible_navigator.main' pygobject==3.36.0 /usr/lib/python3/dist-packages
2022-06-07T17:46:50.149412+00:00 DEBUG 'ansible_navigator.main' pykerberos==1.1.14 /usr/lib/python3/dist-packages
2022-06-07T17:46:50.149429+00:00 DEBUG 'ansible_navigator.main' pymacaroons==0.13.0 /usr/lib/python3/dist-packages
2022-06-07T17:46:50.149446+00:00 DEBUG 'ansible_navigator.main' pynacl==1.3.0 /usr/lib/python3/dist-packages
2022-06-07T17:46:50.149463+00:00 DEBUG 'ansible_navigator.main' pyparsing==2.4.6 /usr/lib/python3/dist-packages
2022-06-07T17:46:50.149480+00:00 DEBUG 'ansible_navigator.main' pyrsistent==0.18.1 /usr/local/lib/python3.8/dist-packages
2022-06-07T17:46:50.149497+00:00 DEBUG 'ansible_navigator.main' python-apt==2.0.0+ubuntu0.20.4.7 /usr/lib/python3/dist-packages
2022-06-07T17:46:50.149514+00:00 DEBUG 'ansible_navigator.main' python-daemon==2.3.0 /usr/local/lib/python3.8/dist-packages
2022-06-07T17:46:50.149531+00:00 DEBUG 'ansible_navigator.main' python-json-logger==2.0.2 /usr/local/lib/python3.8/dist-packages
2022-06-07T17:46:50.149548+00:00 DEBUG 'ansible_navigator.main' pywinrm==0.3.0 /usr/lib/python3/dist-packages
2022-06-07T17:46:50.149565+00:00 DEBUG 'ansible_navigator.main' pyyaml==6.0 /usr/local/lib/python3.8/dist-packages
2022-06-07T17:46:50.149582+00:00 DEBUG 'ansible_navigator.main' requests-kerberos==0.12.0 /usr/lib/python3/dist-packages
2022-06-07T17:46:50.149598+00:00 DEBUG 'ansible_navigator.main' requests-ntlm==1.1.0 /usr/lib/python3/dist-packages
2022-06-07T17:46:50.149615+00:00 DEBUG 'ansible_navigator.main' requests-unixsocket==0.2.0 /usr/lib/python3/dist-packages
2022-06-07T17:46:50.149632+00:00 DEBUG 'ansible_navigator.main' requests==2.22.0 /usr/lib/python3/dist-packages
2022-06-07T17:46:50.149649+00:00 DEBUG 'ansible_navigator.main' requirements-parser==0.5.0 /usr/local/lib/python3.8/dist-packages
2022-06-07T17:46:50.149666+00:00 DEBUG 'ansible_navigator.main' resolvelib==0.5.4 /usr/lib/python3/dist-packages
2022-06-07T17:46:50.149683+00:00 DEBUG 'ansible_navigator.main' ruamel.yaml==0.15.89 /usr/lib/python3/dist-packages
2022-06-07T17:46:50.149700+00:00 DEBUG 'ansible_navigator.main' setuptools==45.2.0 /usr/lib/python3/dist-packages
2022-06-07T17:46:50.149716+00:00 DEBUG 'ansible_navigator.main' six==1.14.0 /usr/lib/python3/dist-packages
2022-06-07T17:46:50.149733+00:00 DEBUG 'ansible_navigator.main' toolz==0.11.2 /usr/local/lib/python3.8/dist-packages
2022-06-07T17:46:50.149750+00:00 DEBUG 'ansible_navigator.main' traitlets==4.3.3 /usr/lib/python3/dist-packages
2022-06-07T17:46:50.149767+00:00 DEBUG 'ansible_navigator.main' types-setuptools==57.4.17 /usr/local/lib/python3.8/dist-packages
2022-06-07T17:46:50.149784+00:00 DEBUG 'ansible_navigator.main' tzdata==2022.1 /usr/local/lib/python3.8/dist-packages
2022-06-07T17:46:50.149800+00:00 DEBUG 'ansible_navigator.main' ubuntu-advantage-tools==27.7 /usr/lib/python3/dist-packages
2022-06-07T17:46:50.149819+00:00 DEBUG 'ansible_navigator.main' ufw==0.36 /usr/lib/python3/dist-packages
2022-06-07T17:46:50.149837+00:00 DEBUG 'ansible_navigator.main' unattended-upgrades==0.1 /usr/lib/python3/dist-packages
2022-06-07T17:46:50.149854+00:00 DEBUG 'ansible_navigator.main' unidiff==0.7.3 /usr/local/lib/python3.8/dist-packages
2022-06-07T17:46:50.149871+00:00 DEBUG 'ansible_navigator.main' urllib3==1.25.8 /usr/lib/python3/dist-packages
2022-06-07T17:46:50.149888+00:00 DEBUG 'ansible_navigator.main' wcwidth==0.1.8 /usr/lib/python3/dist-packages
2022-06-07T17:46:50.149904+00:00 DEBUG 'ansible_navigator.main' wheel==0.34.2 /usr/lib/python3/dist-packages
2022-06-07T17:46:50.149921+00:00 DEBUG 'ansible_navigator.main' xmltodict==0.12.0 /usr/lib/python3/dist-packages
2022-06-07T17:46:50.149938+00:00 DEBUG 'ansible_navigator.main' yamllint==1.26.3 /usr/local/lib/python3.8/dist-packages
2022-06-07T17:46:50.149955+00:00 DEBUG 'ansible_navigator.main' zipp==3.8.0 /usr/local/lib/python3.8/dist-packages
2022-06-07T17:46:50.149971+00:00 DEBUG 'ansible_navigator.main' Share directory '/usr/local/lib/python3.8/share/ansible_navigator' not found (development path)
2022-06-07T17:46:50.149988+00:00 DEBUG 'ansible_navigator.main' Share directory '/root/.local/share/ansible_navigator' not found (userbase)
2022-06-07T17:46:50.150005+00:00 DEBUG 'ansible_navigator.main' Share directory '/usr/share/ansible_navigator' not found (sys.prefix)
2022-06-07T17:46:50.150022+00:00 DEBUG 'ansible_navigator.main' Share directory '/usr/share/ansible_navigator' not found (datarootdir)
2022-06-07T17:46:50.150039+00:00 DEBUG 'ansible_navigator.main' Share directory '/usr/share/ansible_navigator' not found (datadir)
2022-06-07T17:46:50.150056+00:00 DEBUG 'ansible_navigator.main' Share directory '/usr/local/share/ansible_navigator' found (prefix)
2022-06-07T17:46:50.150073+00:00 DEBUG 'ansible_navigator.main' Default collection_doc_cache_path set to: /root/.cache/ansible-navigator/collection_doc_cache.db
2022-06-07T17:46:50.150090+00:00 DEBUG 'ansible_navigator.main' EDITOR environment variable not set
2022-06-07T17:46:50.150107+00:00 DEBUG 'ansible_navigator.main' Default editor_command set to: vi +{line_number} {filename}
2022-06-07T17:46:50.150123+00:00 DEBUG 'ansible_navigator.main' No config file set by ANSIBLE_NAVIGATOR_CONFIG
2022-06-07T17:46:50.150140+00:00 DEBUG 'ansible_navigator.main' Looking in /root
2022-06-07T17:46:50.150157+00:00 DEBUG 'ansible_navigator.main' Looking for '/root/.ansible-navigator.yml', '/root/.ansible-navigator.yaml' and '/root/.ansible-navigator.json'
2022-06-07T17:46:50.150174+00:00 DEBUG 'ansible_navigator.main' Found 0: 
2022-06-07T17:46:50.150192+00:00 DEBUG 'ansible_navigator.main' Looking in /root/playbook
2022-06-07T17:46:50.150209+00:00 DEBUG 'ansible_navigator.main' Looking for '/root/playbook/ansible-navigator.yml', '/root/playbook/ansible-navigator.yaml' and '/root/playbook/ansible-navigator.json'
2022-06-07T17:46:50.150226+00:00 DEBUG 'ansible_navigator.main' Found 0: 
2022-06-07T17:46:50.150243+00:00 DEBUG 'ansible_navigator.main' All found 0: 
2022-06-07T17:46:50.150260+00:00 DEBUG 'ansible_navigator.main' Using: None
2022-06-07T17:46:50.150277+00:00 DEBUG 'ansible_navigator.main' No valid settings file found, using all default values for settings.
2022-06-07T17:46:50.150293+00:00 DEBUG 'ansible_navigator.main' Command provided: 'site.yaml'
2022-06-07T17:46:50.150312+00:00 WARNING 'ansible_navigator.main' Configuration errors encountered, rolling back to previous configuration.
2022-06-07T17:46:50.150330+00:00 DEBUG 'ansible_navigator.main' Prior to rollback: ansible_runner_artifact_dir = 'Not set' (Constants/Not set)
2022-06-07T17:46:50.150347+00:00 DEBUG 'ansible_navigator.main' Prior to rollback: ansible_runner_rotate_artifacts_count = 'Not set' (Constants/Not set)
2022-06-07T17:46:50.150364+00:00 DEBUG 'ansible_navigator.main' Prior to rollback: ansible_runner_timeout = 'Not set' (Constants/Not set)
2022-06-07T17:46:50.150383+00:00 DEBUG 'ansible_navigator.main' Prior to rollback: app = 'welcome' (str/Defaults)
2022-06-07T17:46:50.150400+00:00 DEBUG 'ansible_navigator.main' Prior to rollback: cmdline = 'Not set' (Constants/Not set)
2022-06-07T17:46:50.150417+00:00 DEBUG 'ansible_navigator.main' Prior to rollback: collection_doc_cache_path = '/root/.cache/ansible-navigator/collection_doc_cache.db' (str/Defaults)
2022-06-07T17:46:50.150434+00:00 DEBUG 'ansible_navigator.main' Prior to rollback: config = 'Not set' (Constants/Not set)
2022-06-07T17:46:50.150451+00:00 DEBUG 'ansible_navigator.main' Prior to rollback: container_engine = 'auto' (str/Defaults)
2022-06-07T17:46:50.150468+00:00 DEBUG 'ansible_navigator.main' Prior to rollback: container_options = 'Not set' (Constants/Not set)
2022-06-07T17:46:50.150486+00:00 DEBUG 'ansible_navigator.main' Prior to rollback: display_color = 'True' (bool/Defaults)
2022-06-07T17:46:50.150502+00:00 DEBUG 'ansible_navigator.main' Prior to rollback: editor_command = 'vi +{line_number} {filename}' (str/Defaults)
2022-06-07T17:46:50.150519+00:00 DEBUG 'ansible_navigator.main' Prior to rollback: editor_console = 'True' (bool/Defaults)
2022-06-07T17:46:50.150536+00:00 DEBUG 'ansible_navigator.main' Prior to rollback: exec_command = '/bin/bash' (str/Defaults)
2022-06-07T17:46:50.150553+00:00 DEBUG 'ansible_navigator.main' Prior to rollback: exec_shell = 'True' (bool/Defaults)
2022-06-07T17:46:50.150570+00:00 DEBUG 'ansible_navigator.main' Prior to rollback: execution_environment = 'True' (bool/Defaults)
2022-06-07T17:46:50.150587+00:00 DEBUG 'ansible_navigator.main' Prior to rollback: execution_environment_image = 'quay.io/ansible/creator-ee:v0.4.2' (str/Defaults)
2022-06-07T17:46:50.150603+00:00 DEBUG 'ansible_navigator.main' Prior to rollback: execution_environment_volume_mounts = 'Not set' (Constants/Not set)
2022-06-07T17:46:50.150620+00:00 DEBUG 'ansible_navigator.main' Prior to rollback: help_builder = 'False' (bool/Defaults)
2022-06-07T17:46:50.150637+00:00 DEBUG 'ansible_navigator.main' Prior to rollback: help_config = 'False' (bool/Defaults)
2022-06-07T17:46:50.150654+00:00 DEBUG 'ansible_navigator.main' Prior to rollback: help_doc = 'False' (bool/Defaults)
2022-06-07T17:46:50.150671+00:00 DEBUG 'ansible_navigator.main' Prior to rollback: help_inventory = 'False' (bool/Defaults)
2022-06-07T17:46:50.150687+00:00 DEBUG 'ansible_navigator.main' Prior to rollback: help_playbook = 'False' (bool/Defaults)
2022-06-07T17:46:50.150704+00:00 DEBUG 'ansible_navigator.main' Prior to rollback: images_details = '['everything']' (list/Defaults)
2022-06-07T17:46:50.150721+00:00 DEBUG 'ansible_navigator.main' Prior to rollback: inventory = 'Not set' (Constants/Not set)
2022-06-07T17:46:50.150738+00:00 DEBUG 'ansible_navigator.main' Prior to rollback: inventory_column = 'Not set' (Constants/Not set)
2022-06-07T17:46:50.150754+00:00 DEBUG 'ansible_navigator.main' Prior to rollback: lint_config = 'Not set' (Constants/Not set)
2022-06-07T17:46:50.150771+00:00 DEBUG 'ansible_navigator.main' Prior to rollback: lintables = 'Not set' (Constants/Not set)
2022-06-07T17:46:50.150788+00:00 DEBUG 'ansible_navigator.main' Prior to rollback: log_append = 'True' (bool/Defaults)
2022-06-07T17:46:50.150805+00:00 DEBUG 'ansible_navigator.main' Prior to rollback: log_file = '/root/playbook/ansible-navigator.log' (str/Defaults)
2022-06-07T17:46:50.150822+00:00 DEBUG 'ansible_navigator.main' Prior to rollback: log_level = 'warning' (str/Defaults)
2022-06-07T17:46:50.150839+00:00 DEBUG 'ansible_navigator.main' Prior to rollback: mode = 'interactive' (str/Defaults)
2022-06-07T17:46:50.150856+00:00 DEBUG 'ansible_navigator.main' Prior to rollback: osc4 = 'True' (bool/Defaults)
2022-06-07T17:46:50.150873+00:00 DEBUG 'ansible_navigator.main' Prior to rollback: pass_environment_variable = 'Not set' (Constants/Not set)
2022-06-07T17:46:50.150890+00:00 DEBUG 'ansible_navigator.main' Prior to rollback: playbook = 'Not set' (Constants/Not set)
2022-06-07T17:46:50.150907+00:00 DEBUG 'ansible_navigator.main' Prior to rollback: playbook_artifact_enable = 'True' (bool/Defaults)
2022-06-07T17:46:50.150926+00:00 DEBUG 'ansible_navigator.main' Prior to rollback: playbook_artifact_replay = 'Not set' (Constants/Not set)
2022-06-07T17:46:50.150944+00:00 DEBUG 'ansible_navigator.main' Prior to rollback: playbook_artifact_save_as = '{playbook_dir}/{playbook_name}-artifact-{time_stamp}.json' (str/Defaults)
2022-06-07T17:46:50.150960+00:00 DEBUG 'ansible_navigator.main' Prior to rollback: plugin_name = 'Not set' (Constants/Not set)
2022-06-07T17:46:50.150977+00:00 DEBUG 'ansible_navigator.main' Prior to rollback: plugin_type = 'module' (str/Defaults)
2022-06-07T17:46:50.150995+00:00 DEBUG 'ansible_navigator.main' Prior to rollback: pull_arguments = 'Not set' (Constants/Not set)
2022-06-07T17:46:50.151020+00:00 DEBUG 'ansible_navigator.main' Prior to rollback: pull_policy = 'tag' (str/Defaults)
2022-06-07T17:46:50.151038+00:00 DEBUG 'ansible_navigator.main' Prior to rollback: set_environment_variable = 'Not set' (Constants/Not set)
2022-06-07T17:46:50.151055+00:00 DEBUG 'ansible_navigator.main' Prior to rollback: settings_effective = 'False' (bool/Defaults)
2022-06-07T17:46:50.151072+00:00 DEBUG 'ansible_navigator.main' Prior to rollback: settings_sample = 'False' (bool/Defaults)
2022-06-07T17:46:50.151101+00:00 DEBUG 'ansible_navigator.main' Prior to rollback: settings_schema = 'json' (str/Defaults)
2022-06-07T17:46:50.151119+00:00 DEBUG 'ansible_navigator.main' Prior to rollback: settings_sources = 'False' (bool/Defaults)
2022-06-07T17:46:50.151136+00:00 DEBUG 'ansible_navigator.main' Prior to rollback: time_zone = 'UTC' (str/Defaults)
2022-06-07T17:46:50.151153+00:00 DEBUG 'ansible_navigator.main' Prior to rollback: workdir = '/root/playbook' (str/Defaults)
2022-06-07T17:46:50.151170+00:00 DEBUG 'ansible_navigator.main' After rollback: ansible_runner_artifact_dir = 'Not set' (Constants/Not set)
2022-06-07T17:46:50.151187+00:00 DEBUG 'ansible_navigator.main' After rollback: ansible_runner_rotate_artifacts_count = 'Not set' (Constants/Not set)
2022-06-07T17:46:50.151204+00:00 DEBUG 'ansible_navigator.main' After rollback: ansible_runner_timeout = 'Not set' (Constants/Not set)
2022-06-07T17:46:50.151221+00:00 DEBUG 'ansible_navigator.main' After rollback: app = 'Not set' (Constants/Not set)
2022-06-07T17:46:50.151238+00:00 DEBUG 'ansible_navigator.main' After rollback: cmdline = 'Not set' (Constants/Not set)
2022-06-07T17:46:50.151256+00:00 DEBUG 'ansible_navigator.main' After rollback: collection_doc_cache_path = 'Not set' (Constants/Not set)
2022-06-07T17:46:50.151273+00:00 DEBUG 'ansible_navigator.main' After rollback: config = 'Not set' (Constants/Not set)
2022-06-07T17:46:50.151290+00:00 DEBUG 'ansible_navigator.main' After rollback: container_engine = 'Not set' (Constants/Not set)
2022-06-07T17:46:50.151307+00:00 DEBUG 'ansible_navigator.main' After rollback: container_options = 'Not set' (Constants/Not set)
2022-06-07T17:46:50.151324+00:00 DEBUG 'ansible_navigator.main' After rollback: display_color = 'Not set' (Constants/Not set)
2022-06-07T17:46:50.151341+00:00 DEBUG 'ansible_navigator.main' After rollback: editor_command = 'Not set' (Constants/Not set)
2022-06-07T17:46:50.151358+00:00 DEBUG 'ansible_navigator.main' After rollback: editor_console = 'Not set' (Constants/Not set)
2022-06-07T17:46:50.151375+00:00 DEBUG 'ansible_navigator.main' After rollback: exec_command = 'Not set' (Constants/Not set)
2022-06-07T17:46:50.151392+00:00 DEBUG 'ansible_navigator.main' After rollback: exec_shell = 'Not set' (Constants/Not set)
2022-06-07T17:46:50.151409+00:00 DEBUG 'ansible_navigator.main' After rollback: execution_environment = 'Not set' (Constants/Not set)
2022-06-07T17:46:50.151426+00:00 DEBUG 'ansible_navigator.main' After rollback: execution_environment_image = 'Not set' (Constants/Not set)
2022-06-07T17:46:50.151443+00:00 DEBUG 'ansible_navigator.main' After rollback: execution_environment_volume_mounts = 'Not set' (Constants/Not set)
2022-06-07T17:46:50.151460+00:00 DEBUG 'ansible_navigator.main' After rollback: help_builder = 'Not set' (Constants/Not set)
2022-06-07T17:46:50.151480+00:00 DEBUG 'ansible_navigator.main' After rollback: help_config = 'Not set' (Constants/Not set)
2022-06-07T17:46:50.151498+00:00 DEBUG 'ansible_navigator.main' After rollback: help_doc = 'Not set' (Constants/Not set)
2022-06-07T17:46:50.151515+00:00 DEBUG 'ansible_navigator.main' After rollback: help_inventory = 'Not set' (Constants/Not set)
2022-06-07T17:46:50.151532+00:00 DEBUG 'ansible_navigator.main' After rollback: help_playbook = 'Not set' (Constants/Not set)
2022-06-07T17:46:50.151549+00:00 DEBUG 'ansible_navigator.main' After rollback: images_details = 'Not set' (Constants/Not set)
2022-06-07T17:46:50.151566+00:00 DEBUG 'ansible_navigator.main' After rollback: inventory = 'Not set' (Constants/Not set)
2022-06-07T17:46:50.151583+00:00 DEBUG 'ansible_navigator.main' After rollback: inventory_column = 'Not set' (Constants/Not set)
2022-06-07T17:46:50.151600+00:00 DEBUG 'ansible_navigator.main' After rollback: lint_config = 'Not set' (Constants/Not set)
2022-06-07T17:46:50.151617+00:00 DEBUG 'ansible_navigator.main' After rollback: lintables = 'Not set' (Constants/Not set)
2022-06-07T17:46:50.151633+00:00 DEBUG 'ansible_navigator.main' After rollback: log_append = 'Not set' (Constants/Not set)
2022-06-07T17:46:50.151650+00:00 DEBUG 'ansible_navigator.main' After rollback: log_file = 'Not set' (Constants/Not set)
2022-06-07T17:46:50.151667+00:00 DEBUG 'ansible_navigator.main' After rollback: log_level = 'Not set' (Constants/Not set)
2022-06-07T17:46:50.151684+00:00 DEBUG 'ansible_navigator.main' After rollback: mode = 'Not set' (Constants/Not set)
2022-06-07T17:46:50.151707+00:00 DEBUG 'ansible_navigator.main' After rollback: osc4 = 'Not set' (Constants/Not set)
2022-06-07T17:46:50.151737+00:00 DEBUG 'ansible_navigator.main' After rollback: pass_environment_variable = 'Not set' (Constants/Not set)
2022-06-07T17:46:50.151765+00:00 DEBUG 'ansible_navigator.main' After rollback: playbook = 'Not set' (Constants/Not set)
2022-06-07T17:46:50.151793+00:00 DEBUG 'ansible_navigator.main' After rollback: playbook_artifact_enable = 'Not set' (Constants/Not set)
2022-06-07T17:46:50.151811+00:00 DEBUG 'ansible_navigator.main' After rollback: playbook_artifact_replay = 'Not set' (Constants/Not set)
2022-06-07T17:46:50.151829+00:00 DEBUG 'ansible_navigator.main' After rollback: playbook_artifact_save_as = 'Not set' (Constants/Not set)
2022-06-07T17:46:50.151847+00:00 DEBUG 'ansible_navigator.main' After rollback: plugin_name = 'Not set' (Constants/Not set)
2022-06-07T17:46:50.151866+00:00 DEBUG 'ansible_navigator.main' After rollback: plugin_type = 'Not set' (Constants/Not set)
2022-06-07T17:46:50.151883+00:00 DEBUG 'ansible_navigator.main' After rollback: pull_arguments = 'Not set' (Constants/Not set)
2022-06-07T17:46:50.151900+00:00 DEBUG 'ansible_navigator.main' After rollback: pull_policy = 'Not set' (Constants/Not set)
2022-06-07T17:46:50.151917+00:00 DEBUG 'ansible_navigator.main' After rollback: set_environment_variable = 'Not set' (Constants/Not set)
2022-06-07T17:46:50.151934+00:00 DEBUG 'ansible_navigator.main' After rollback: settings_effective = 'Not set' (Constants/Not set)
2022-06-07T17:46:50.151951+00:00 DEBUG 'ansible_navigator.main' After rollback: settings_sample = 'Not set' (Constants/Not set)
2022-06-07T17:46:50.151968+00:00 DEBUG 'ansible_navigator.main' After rollback: settings_schema = 'Not set' (Constants/Not set)
2022-06-07T17:46:50.151994+00:00 DEBUG 'ansible_navigator.main' After rollback: settings_sources = 'Not set' (Constants/Not set)
2022-06-07T17:46:50.152013+00:00 DEBUG 'ansible_navigator.main' After rollback: time_zone = 'Not set' (Constants/Not set)
2022-06-07T17:46:50.152030+00:00 DEBUG 'ansible_navigator.main' After rollback: workdir = 'Not set' (Constants/Not set)
2022-06-07T17:46:50.152047+00:00 DEBUG 'ansible_navigator.main' Configuration rollback complete.
2022-06-07T17:46:50.152064+00:00 DEBUG 'ansible_navigator.main' Collection doc cache not mounted
2022-06-07T17:46:50.152086+00:00 WARNING 'ansible_navigator.main' Issues were found while applying the settings.
2022-06-07T17:46:50.152110+00:00 INFO 'ansible_navigator.main' Command provided: 'site.yaml'
2022-06-07T17:46:50.152133+00:00 ERROR 'ansible_navigator.main' argument {subcommand} --help: invalid choice: 'site.yaml' (choose from 'builder', 'collections', 'config', 'doc', 'exec', 'images', 'inventory', 'lint', 'replay', 'run', 'settings', 'welcome')
2022-06-07T17:46:50.152153+00:00 INFO 'ansible_navigator.main' Configuration failed, using default log file location. (/root/playbook/ansible-navigator.log) Log level set to debug
2022-06-07T17:46:50.152173+00:00 INFO 'ansible_navigator.main' Review the hints and log file to see what went wrong.
2022-06-07T17:47:01.076372+00:00 INFO 'ansible_navigator.setup_logger' New ansible-navigator instance, logging initialized
2022-06-07T17:47:01.076573+00:00 INFO 'ansible_navigator.setup_logger' New ansible-runner instance, logging initialized
2022-06-07T17:47:01.076616+00:00 DEBUG 'ansible_navigator.main' ansible-builder==1.1.0 /usr/local/lib/python3.8/dist-packages
2022-06-07T17:47:01.076643+00:00 DEBUG 'ansible_navigator.main' ansible-core==2.12.5 /usr/lib/python3/dist-packages
2022-06-07T17:47:01.076665+00:00 DEBUG 'ansible_navigator.main' ansible-later==2.0.14 /usr/local/lib/python3.8/dist-packages
2022-06-07T17:47:01.076685+00:00 DEBUG 'ansible_navigator.main' ansible-lint==4.2.0 /usr/lib/python3/dist-packages
2022-06-07T17:47:01.076704+00:00 DEBUG 'ansible_navigator.main' ansible-navigator==2.1.0 /usr/local/lib/python3.8/dist-packages
2022-06-07T17:47:01.076723+00:00 DEBUG 'ansible_navigator.main' ansible-runner==2.2.0 /usr/local/lib/python3.8/dist-packages
2022-06-07T17:47:01.076741+00:00 DEBUG 'ansible_navigator.main' ansible==5.7.1 /usr/lib/python3/dist-packages
2022-06-07T17:47:01.076760+00:00 DEBUG 'ansible_navigator.main' anyconfig==0.13.0 /usr/local/lib/python3.8/dist-packages
2022-06-07T17:47:01.076778+00:00 DEBUG 'ansible_navigator.main' appdirs==1.4.4 /usr/local/lib/python3.8/dist-packages
2022-06-07T17:47:01.076797+00:00 DEBUG 'ansible_navigator.main' attrs==21.4.0 /usr/local/lib/python3.8/dist-packages
2022-06-07T17:47:01.076815+00:00 DEBUG 'ansible_navigator.main' backcall==0.1.0 /usr/lib/python3/dist-packages
2022-06-07T17:47:01.076833+00:00 DEBUG 'ansible_navigator.main' backports.zoneinfo==0.2.1 /usr/local/lib/python3.8/dist-packages
2022-06-07T17:47:01.076850+00:00 DEBUG 'ansible_navigator.main' bcrypt==3.1.7 /usr/lib/python3/dist-packages
2022-06-07T17:47:01.076869+00:00 DEBUG 'ansible_navigator.main' bindep==2.11.0 /usr/local/lib/python3.8/dist-packages
2022-06-07T17:47:01.076886+00:00 DEBUG 'ansible_navigator.main' certifi==2019.11.28 /usr/lib/python3/dist-packages
2022-06-07T17:47:01.076904+00:00 DEBUG 'ansible_navigator.main' cffi==1.15.0 /usr/local/lib/python3.8/dist-packages
2022-06-07T17:47:01.076922+00:00 DEBUG 'ansible_navigator.main' chardet==3.0.4 /usr/lib/python3/dist-packages
2022-06-07T17:47:01.076940+00:00 DEBUG 'ansible_navigator.main' colorama==0.4.4 /usr/local/lib/python3.8/dist-packages
2022-06-07T17:47:01.076958+00:00 DEBUG 'ansible_navigator.main' command-not-found==0.3 /usr/lib/python3/dist-packages
2022-06-07T17:47:01.076976+00:00 DEBUG 'ansible_navigator.main' cryptography==2.8 /usr/lib/python3/dist-packages
2022-06-07T17:47:01.076994+00:00 DEBUG 'ansible_navigator.main' dbus-python==1.2.16 /usr/lib/python3/dist-packages
2022-06-07T17:47:01.077012+00:00 DEBUG 'ansible_navigator.main' decorator==4.4.2 /usr/lib/python3/dist-packages
2022-06-07T17:47:01.077030+00:00 DEBUG 'ansible_navigator.main' distro-info==0.23ubuntu1 /usr/lib/python3/dist-packages
2022-06-07T17:47:01.077049+00:00 DEBUG 'ansible_navigator.main' distro==1.7.0 /usr/local/lib/python3.8/dist-packages
2022-06-07T17:47:01.077066+00:00 DEBUG 'ansible_navigator.main' docutils==0.18.1 /usr/local/lib/python3.8/dist-packages
2022-06-07T17:47:01.077084+00:00 DEBUG 'ansible_navigator.main' flake8==4.0.1 /usr/local/lib/python3.8/dist-packages
2022-06-07T17:47:01.077102+00:00 DEBUG 'ansible_navigator.main' idna==2.8 /usr/lib/python3/dist-packages
2022-06-07T17:47:01.077120+00:00 DEBUG 'ansible_navigator.main' importlib-resources==5.7.1 /usr/local/lib/python3.8/dist-packages
2022-06-07T17:47:01.077150+00:00 DEBUG 'ansible_navigator.main' ipython-genutils==0.2.0 /usr/lib/python3/dist-packages
2022-06-07T17:47:01.077169+00:00 DEBUG 'ansible_navigator.main' ipython==7.13.0 /usr/lib/python3/dist-packages
2022-06-07T17:47:01.077187+00:00 DEBUG 'ansible_navigator.main' jedi==0.15.2 /usr/lib/python3/dist-packages
2022-06-07T17:47:01.077204+00:00 DEBUG 'ansible_navigator.main' jinja2==2.10.1 /usr/lib/python3/dist-packages
2022-06-07T17:47:01.077222+00:00 DEBUG 'ansible_navigator.main' jmespath==0.9.4 /usr/lib/python3/dist-packages
2022-06-07T17:47:01.077240+00:00 DEBUG 'ansible_navigator.main' jsonschema==4.6.0 /usr/local/lib/python3.8/dist-packages
2022-06-07T17:47:01.077258+00:00 DEBUG 'ansible_navigator.main' language-selector==0.1 /usr/lib/python3/dist-packages
2022-06-07T17:47:01.077275+00:00 DEBUG 'ansible_navigator.main' lockfile==0.12.2 /usr/local/lib/python3.8/dist-packages
2022-06-07T17:47:01.077293+00:00 DEBUG 'ansible_navigator.main' markupsafe==1.1.0 /usr/lib/python3/dist-packages
2022-06-07T17:47:01.077311+00:00 DEBUG 'ansible_navigator.main' mccabe==0.6.1 /usr/local/lib/python3.8/dist-packages
2022-06-07T17:47:01.077328+00:00 DEBUG 'ansible_navigator.main' nested-lookup==0.2.23 /usr/local/lib/python3.8/dist-packages
2022-06-07T17:47:01.077346+00:00 DEBUG 'ansible_navigator.main' netifaces==0.10.4 /usr/lib/python3/dist-packages
2022-06-07T17:47:01.077363+00:00 DEBUG 'ansible_navigator.main' ntlm-auth==1.1.0 /usr/lib/python3/dist-packages
2022-06-07T17:47:01.077381+00:00 DEBUG 'ansible_navigator.main' onigurumacffi==1.2.0 /usr/local/lib/python3.8/dist-packages
2022-06-07T17:47:01.077399+00:00 DEBUG 'ansible_navigator.main' packaging==20.3 /usr/lib/python3/dist-packages
2022-06-07T17:47:01.077417+00:00 DEBUG 'ansible_navigator.main' paramiko==2.6.0 /usr/lib/python3/dist-packages
2022-06-07T17:47:01.077435+00:00 DEBUG 'ansible_navigator.main' parsley==1.3 /usr/local/lib/python3.8/dist-packages
2022-06-07T17:47:01.077453+00:00 DEBUG 'ansible_navigator.main' parso==0.5.2 /usr/lib/python3/dist-packages
2022-06-07T17:47:01.077471+00:00 DEBUG 'ansible_navigator.main' pathspec==0.9.0 /usr/local/lib/python3.8/dist-packages
2022-06-07T17:47:01.077488+00:00 DEBUG 'ansible_navigator.main' pbr==5.9.0 /usr/local/lib/python3.8/dist-packages
2022-06-07T17:47:01.077506+00:00 DEBUG 'ansible_navigator.main' pexpect==4.6.0 /usr/lib/python3/dist-packages
2022-06-07T17:47:01.077530+00:00 DEBUG 'ansible_navigator.main' pickleshare==0.7.5 /usr/lib/python3/dist-packages
2022-06-07T17:47:01.077549+00:00 DEBUG 'ansible_navigator.main' pip==20.0.2 /usr/lib/python3/dist-packages
2022-06-07T17:47:01.077567+00:00 DEBUG 'ansible_navigator.main' ply==3.11 /usr/lib/python3/dist-packages
2022-06-07T17:47:01.077585+00:00 DEBUG 'ansible_navigator.main' prompt-toolkit==2.0.10 /usr/lib/python3/dist-packages
2022-06-07T17:47:01.077603+00:00 DEBUG 'ansible_navigator.main' pycodestyle==2.8.0 /usr/local/lib/python3.8/dist-packages
2022-06-07T17:47:01.077621+00:00 DEBUG 'ansible_navigator.main' pycparser==2.21 /usr/local/lib/python3.8/dist-packages
2022-06-07T17:47:01.077638+00:00 DEBUG 'ansible_navigator.main' pyflakes==2.4.0 /usr/local/lib/python3.8/dist-packages
2022-06-07T17:47:01.077656+00:00 DEBUG 'ansible_navigator.main' pygments==2.3.1 /usr/lib/python3/dist-packages
2022-06-07T17:47:01.077674+00:00 DEBUG 'ansible_navigator.main' pygobject==3.36.0 /usr/lib/python3/dist-packages
2022-06-07T17:47:01.077692+00:00 DEBUG 'ansible_navigator.main' pykerberos==1.1.14 /usr/lib/python3/dist-packages
2022-06-07T17:47:01.077709+00:00 DEBUG 'ansible_navigator.main' pymacaroons==0.13.0 /usr/lib/python3/dist-packages
2022-06-07T17:47:01.077726+00:00 DEBUG 'ansible_navigator.main' pynacl==1.3.0 /usr/lib/python3/dist-packages
2022-06-07T17:47:01.077744+00:00 DEBUG 'ansible_navigator.main' pyparsing==2.4.6 /usr/lib/python3/dist-packages
2022-06-07T17:47:01.077762+00:00 DEBUG 'ansible_navigator.main' pyrsistent==0.18.1 /usr/local/lib/python3.8/dist-packages
2022-06-07T17:47:01.077783+00:00 DEBUG 'ansible_navigator.main' python-apt==2.0.0+ubuntu0.20.4.7 /usr/lib/python3/dist-packages
2022-06-07T17:47:01.077801+00:00 DEBUG 'ansible_navigator.main' python-daemon==2.3.0 /usr/local/lib/python3.8/dist-packages
2022-06-07T17:47:01.077819+00:00 DEBUG 'ansible_navigator.main' python-json-logger==2.0.2 /usr/local/lib/python3.8/dist-packages
2022-06-07T17:47:01.077836+00:00 DEBUG 'ansible_navigator.main' pywinrm==0.3.0 /usr/lib/python3/dist-packages
2022-06-07T17:47:01.077854+00:00 DEBUG 'ansible_navigator.main' pyyaml==6.0 /usr/local/lib/python3.8/dist-packages
2022-06-07T17:47:01.077872+00:00 DEBUG 'ansible_navigator.main' requests-kerberos==0.12.0 /usr/lib/python3/dist-packages
2022-06-07T17:47:01.077889+00:00 DEBUG 'ansible_navigator.main' requests-ntlm==1.1.0 /usr/lib/python3/dist-packages
2022-06-07T17:47:01.077907+00:00 DEBUG 'ansible_navigator.main' requests-unixsocket==0.2.0 /usr/lib/python3/dist-packages
2022-06-07T17:47:01.077925+00:00 DEBUG 'ansible_navigator.main' requests==2.22.0 /usr/lib/python3/dist-packages
2022-06-07T17:47:01.077943+00:00 DEBUG 'ansible_navigator.main' requirements-parser==0.5.0 /usr/local/lib/python3.8/dist-packages
2022-06-07T17:47:01.077960+00:00 DEBUG 'ansible_navigator.main' resolvelib==0.5.4 /usr/lib/python3/dist-packages
2022-06-07T17:47:01.077978+00:00 DEBUG 'ansible_navigator.main' ruamel.yaml==0.15.89 /usr/lib/python3/dist-packages
2022-06-07T17:47:01.077996+00:00 DEBUG 'ansible_navigator.main' setuptools==45.2.0 /usr/lib/python3/dist-packages
2022-06-07T17:47:01.078013+00:00 DEBUG 'ansible_navigator.main' six==1.14.0 /usr/lib/python3/dist-packages
2022-06-07T17:47:01.078032+00:00 DEBUG 'ansible_navigator.main' toolz==0.11.2 /usr/local/lib/python3.8/dist-packages
2022-06-07T17:47:01.078049+00:00 DEBUG 'ansible_navigator.main' traitlets==4.3.3 /usr/lib/python3/dist-packages
2022-06-07T17:47:01.078067+00:00 DEBUG 'ansible_navigator.main' types-setuptools==57.4.17 /usr/local/lib/python3.8/dist-packages
2022-06-07T17:47:01.078084+00:00 DEBUG 'ansible_navigator.main' tzdata==2022.1 /usr/local/lib/python3.8/dist-packages
2022-06-07T17:47:01.078102+00:00 DEBUG 'ansible_navigator.main' ubuntu-advantage-tools==27.7 /usr/lib/python3/dist-packages
2022-06-07T17:47:01.078120+00:00 DEBUG 'ansible_navigator.main' ufw==0.36 /usr/lib/python3/dist-packages
2022-06-07T17:47:01.078137+00:00 DEBUG 'ansible_navigator.main' unattended-upgrades==0.1 /usr/lib/python3/dist-packages
2022-06-07T17:47:01.078155+00:00 DEBUG 'ansible_navigator.main' unidiff==0.7.3 /usr/local/lib/python3.8/dist-packages
2022-06-07T17:47:01.078172+00:00 DEBUG 'ansible_navigator.main' urllib3==1.25.8 /usr/lib/python3/dist-packages
2022-06-07T17:47:01.078190+00:00 DEBUG 'ansible_navigator.main' wcwidth==0.1.8 /usr/lib/python3/dist-packages
2022-06-07T17:47:01.078208+00:00 DEBUG 'ansible_navigator.main' wheel==0.34.2 /usr/lib/python3/dist-packages
2022-06-07T17:47:01.078226+00:00 DEBUG 'ansible_navigator.main' xmltodict==0.12.0 /usr/lib/python3/dist-packages
2022-06-07T17:47:01.078243+00:00 DEBUG 'ansible_navigator.main' yamllint==1.26.3 /usr/local/lib/python3.8/dist-packages
2022-06-07T17:47:01.078262+00:00 DEBUG 'ansible_navigator.main' zipp==3.8.0 /usr/local/lib/python3.8/dist-packages
2022-06-07T17:47:01.078279+00:00 DEBUG 'ansible_navigator.main' Share directory '/usr/local/lib/python3.8/share/ansible_navigator' not found (development path)
2022-06-07T17:47:01.078297+00:00 DEBUG 'ansible_navigator.main' Share directory '/root/.local/share/ansible_navigator' not found (userbase)
2022-06-07T17:47:01.078315+00:00 DEBUG 'ansible_navigator.main' Share directory '/usr/share/ansible_navigator' not found (sys.prefix)
2022-06-07T17:47:01.078333+00:00 DEBUG 'ansible_navigator.main' Share directory '/usr/share/ansible_navigator' not found (datarootdir)
2022-06-07T17:47:01.078355+00:00 DEBUG 'ansible_navigator.main' Share directory '/usr/share/ansible_navigator' not found (datadir)
2022-06-07T17:47:01.078374+00:00 DEBUG 'ansible_navigator.main' Share directory '/usr/local/share/ansible_navigator' found (prefix)
2022-06-07T17:47:01.078397+00:00 DEBUG 'ansible_navigator.main' Default collection_doc_cache_path set to: /root/.cache/ansible-navigator/collection_doc_cache.db
2022-06-07T17:47:01.078416+00:00 DEBUG 'ansible_navigator.main' EDITOR environment variable not set
2022-06-07T17:47:01.078434+00:00 DEBUG 'ansible_navigator.main' Default editor_command set to: vi +{line_number} {filename}
2022-06-07T17:47:01.078452+00:00 DEBUG 'ansible_navigator.main' No config file set by ANSIBLE_NAVIGATOR_CONFIG
2022-06-07T17:47:01.078470+00:00 DEBUG 'ansible_navigator.main' Looking in /root
2022-06-07T17:47:01.078489+00:00 DEBUG 'ansible_navigator.main' Looking for '/root/.ansible-navigator.yml', '/root/.ansible-navigator.yaml' and '/root/.ansible-navigator.json'
2022-06-07T17:47:01.078506+00:00 DEBUG 'ansible_navigator.main' Found 0: 
2022-06-07T17:47:01.078524+00:00 DEBUG 'ansible_navigator.main' Looking in /root/playbook
2022-06-07T17:47:01.078542+00:00 DEBUG 'ansible_navigator.main' Looking for '/root/playbook/ansible-navigator.yml', '/root/playbook/ansible-navigator.yaml' and '/root/playbook/ansible-navigator.json'
2022-06-07T17:47:01.078561+00:00 DEBUG 'ansible_navigator.main' Found 0: 
2022-06-07T17:47:01.078578+00:00 DEBUG 'ansible_navigator.main' All found 0: 
2022-06-07T17:47:01.078596+00:00 DEBUG 'ansible_navigator.main' Using: None
2022-06-07T17:47:01.078614+00:00 DEBUG 'ansible_navigator.main' No valid settings file found, using all default values for settings.
2022-06-07T17:47:01.078631+00:00 DEBUG 'ansible_navigator.main' Command provided: 'config'
2022-06-07T17:47:01.078649+00:00 DEBUG 'ansible_navigator.main' EE support enabled: using current working directory for 'ansible.cfg'
2022-06-07T17:47:01.078666+00:00 INFO 'ansible_navigator.main' EE support enabled: no 'ansible.cfg' found in current working directory. Tried /root/playbook/ansible.cfg
2022-06-07T17:47:01.078684+00:00 DEBUG 'ansible_navigator.main' Completed post processing for ansible_runner_artifact_dir. (changed=False)
2022-06-07T17:47:01.078701+00:00 DEBUG 'ansible_navigator.main' Completed post processing for ansible_runner_rotate_artifacts_count. (changed=False)
2022-06-07T17:47:01.078719+00:00 DEBUG 'ansible_navigator.main' Completed post processing for ansible_runner_timeout. (changed=False)
2022-06-07T17:47:01.078737+00:00 DEBUG 'ansible_navigator.main' Completed post processing for cmdline. (changed=False)
2022-06-07T17:47:01.078754+00:00 DEBUG 'ansible_navigator.main' Completed post processing for collection_doc_cache_path. (changed=False)
2022-06-07T17:47:01.078772+00:00 DEBUG 'ansible_navigator.main' Completed post processing for container_engine. (changed=False)
2022-06-07T17:47:01.078789+00:00 DEBUG 'ansible_navigator.main' Completed post processing for container_options. (changed=False)
2022-06-07T17:47:01.078807+00:00 DEBUG 'ansible_navigator.main' Completed post processing for display_color. (changed=False)
2022-06-07T17:47:01.078824+00:00 DEBUG 'ansible_navigator.main' Completed post processing for execution_environment. (changed=False)
2022-06-07T17:47:01.078842+00:00 DEBUG 'ansible_navigator.main' Completed post processing for execution_environment_image. (changed=False)
2022-06-07T17:47:01.078859+00:00 DEBUG 'ansible_navigator.main' Completed post processing for help_builder. (changed=False)
2022-06-07T17:47:01.078876+00:00 DEBUG 'ansible_navigator.main' Completed post processing for help_config. (changed=False)
2022-06-07T17:47:01.078893+00:00 DEBUG 'ansible_navigator.main' Completed post processing for help_doc. (changed=False)
2022-06-07T17:47:01.078910+00:00 DEBUG 'ansible_navigator.main' Completed post processing for help_inventory. (changed=False)
2022-06-07T17:47:01.078928+00:00 DEBUG 'ansible_navigator.main' Completed post processing for help_playbook. (changed=False)
2022-06-07T17:47:01.078945+00:00 DEBUG 'ansible_navigator.main' Completed post processing for images_details. (changed=False)
2022-06-07T17:47:01.078962+00:00 DEBUG 'ansible_navigator.main' Completed post processing for inventory. (changed=False)
2022-06-07T17:47:01.078982+00:00 DEBUG 'ansible_navigator.main' Completed post processing for inventory_column. (changed=False)
2022-06-07T17:47:01.079000+00:00 DEBUG 'ansible_navigator.main' Completed post processing for log_file. (changed=False)
2022-06-07T17:47:01.079018+00:00 DEBUG 'ansible_navigator.main' Completed post processing for pass_environment_variable. (changed=False)
2022-06-07T17:47:01.079035+00:00 DEBUG 'ansible_navigator.main' Completed post processing for playbook. (changed=False)
2022-06-07T17:47:01.079052+00:00 DEBUG 'ansible_navigator.main' Completed post processing for playbook_artifact_replay. (changed=False)
2022-06-07T17:47:01.079070+00:00 DEBUG 'ansible_navigator.main' Completed post processing for playbook_artifact_save_as. (changed=False)
2022-06-07T17:47:01.079115+00:00 DEBUG 'ansible_navigator.main' Completed post processing for plugin_name. (changed=False)
2022-06-07T17:47:01.079139+00:00 DEBUG 'ansible_navigator.main' Completed post processing for pull_arguments. (changed=False)
2022-06-07T17:47:01.079158+00:00 DEBUG 'ansible_navigator.main' Completed post processing for set_environment_variable. (changed=False)
2022-06-07T17:47:01.079175+00:00 DEBUG 'ansible_navigator.main' Completed post processing for settings_effective. (changed=False)
2022-06-07T17:47:01.079192+00:00 DEBUG 'ansible_navigator.main' Completed post processing for settings_sample. (changed=False)
2022-06-07T17:47:01.079209+00:00 DEBUG 'ansible_navigator.main' Completed post processing for settings_schema. (changed=False)
2022-06-07T17:47:01.079226+00:00 DEBUG 'ansible_navigator.main' Completed post processing for settings_sources. (changed=False)
2022-06-07T17:47:01.079244+00:00 DEBUG 'ansible_navigator.main' Completed post processing for time_zone. (changed=False)
2022-06-07T17:47:01.079261+00:00 DEBUG 'ansible_navigator.main' Completed post processing for execution_environment_volume_mounts. (changed=False)
2022-06-07T17:47:01.079278+00:00 DEBUG 'ansible_navigator.main' Completed post processing for mode. (changed=False)
2022-06-07T17:47:01.079299+00:00 WARNING 'ansible_navigator.main' Configuration errors encountered, rolling back to previous configuration.
2022-06-07T17:47:01.079318+00:00 DEBUG 'ansible_navigator.main' Prior to rollback: ansible_runner_artifact_dir = 'Not set' (Constants/Not set)
2022-06-07T17:47:01.079335+00:00 DEBUG 'ansible_navigator.main' Prior to rollback: ansible_runner_rotate_artifacts_count = 'Not set' (Constants/Not set)
2022-06-07T17:47:01.079352+00:00 DEBUG 'ansible_navigator.main' Prior to rollback: ansible_runner_timeout = 'Not set' (Constants/Not set)
2022-06-07T17:47:01.079370+00:00 DEBUG 'ansible_navigator.main' Prior to rollback: app = 'config' (str/Command line)
2022-06-07T17:47:01.079393+00:00 DEBUG 'ansible_navigator.main' Prior to rollback: cmdline = 'Not set' (Constants/Not set)
2022-06-07T17:47:01.079412+00:00 DEBUG 'ansible_navigator.main' Prior to rollback: collection_doc_cache_path = '/root/.cache/ansible-navigator/collection_doc_cache.db' (str/Defaults)
2022-06-07T17:47:01.079430+00:00 DEBUG 'ansible_navigator.main' Prior to rollback: config = 'Not set' (Constants/Not set)
2022-06-07T17:47:01.079448+00:00 DEBUG 'ansible_navigator.main' Prior to rollback: container_engine = 'auto' (str/Defaults)
2022-06-07T17:47:01.079466+00:00 DEBUG 'ansible_navigator.main' Prior to rollback: container_options = 'Not set' (Constants/Not set)
2022-06-07T17:47:01.079483+00:00 DEBUG 'ansible_navigator.main' Prior to rollback: display_color = 'True' (bool/Defaults)
2022-06-07T17:47:01.079501+00:00 DEBUG 'ansible_navigator.main' Prior to rollback: editor_command = 'vi +{line_number} {filename}' (str/Defaults)
2022-06-07T17:47:01.079519+00:00 DEBUG 'ansible_navigator.main' Prior to rollback: editor_console = 'True' (bool/Defaults)
2022-06-07T17:47:01.079537+00:00 DEBUG 'ansible_navigator.main' Prior to rollback: exec_command = '/bin/bash' (str/Defaults)
2022-06-07T17:47:01.079554+00:00 DEBUG 'ansible_navigator.main' Prior to rollback: exec_shell = 'True' (bool/Defaults)
2022-06-07T17:47:01.079571+00:00 DEBUG 'ansible_navigator.main' Prior to rollback: execution_environment = 'True' (bool/Defaults)
2022-06-07T17:47:01.079592+00:00 DEBUG 'ansible_navigator.main' Prior to rollback: execution_environment_image = 'quay.io/ansible/creator-ee:v0.4.2' (str/Defaults)
2022-06-07T17:47:01.079610+00:00 DEBUG 'ansible_navigator.main' Prior to rollback: execution_environment_volume_mounts = 'Not set' (Constants/Not set)
2022-06-07T17:47:01.079628+00:00 DEBUG 'ansible_navigator.main' Prior to rollback: help_builder = 'False' (bool/Defaults)
2022-06-07T17:47:01.079645+00:00 DEBUG 'ansible_navigator.main' Prior to rollback: help_config = 'False' (bool/Defaults)
2022-06-07T17:47:01.079663+00:00 DEBUG 'ansible_navigator.main' Prior to rollback: help_doc = 'False' (bool/Defaults)
2022-06-07T17:47:01.079680+00:00 DEBUG 'ansible_navigator.main' Prior to rollback: help_inventory = 'False' (bool/Defaults)
2022-06-07T17:47:01.079698+00:00 DEBUG 'ansible_navigator.main' Prior to rollback: help_playbook = 'False' (bool/Defaults)
2022-06-07T17:47:01.079715+00:00 DEBUG 'ansible_navigator.main' Prior to rollback: images_details = '['everything']' (list/Defaults)
2022-06-07T17:47:01.079732+00:00 DEBUG 'ansible_navigator.main' Prior to rollback: inventory = 'Not set' (Constants/Not set)
2022-06-07T17:47:01.079749+00:00 DEBUG 'ansible_navigator.main' Prior to rollback: inventory_column = 'Not set' (Constants/Not set)
2022-06-07T17:47:01.079766+00:00 DEBUG 'ansible_navigator.main' Prior to rollback: lint_config = 'Not set' (Constants/Not set)
2022-06-07T17:47:01.079783+00:00 DEBUG 'ansible_navigator.main' Prior to rollback: lintables = 'Not set' (Constants/Not set)
2022-06-07T17:47:01.079800+00:00 DEBUG 'ansible_navigator.main' Prior to rollback: log_append = 'True' (bool/Defaults)
2022-06-07T17:47:01.079817+00:00 DEBUG 'ansible_navigator.main' Prior to rollback: log_file = '/root/playbook/ansible-navigator.log' (str/Defaults)
2022-06-07T17:47:01.079834+00:00 DEBUG 'ansible_navigator.main' Prior to rollback: log_level = 'warning' (str/Defaults)
2022-06-07T17:47:01.079851+00:00 DEBUG 'ansible_navigator.main' Prior to rollback: mode = 'interactive' (str/Defaults)
2022-06-07T17:47:01.079868+00:00 DEBUG 'ansible_navigator.main' Prior to rollback: osc4 = 'True' (bool/Defaults)
2022-06-07T17:47:01.079885+00:00 DEBUG 'ansible_navigator.main' Prior to rollback: pass_environment_variable = 'Not set' (Constants/Not set)
2022-06-07T17:47:01.079902+00:00 DEBUG 'ansible_navigator.main' Prior to rollback: playbook = 'Not set' (Constants/Not set)
2022-06-07T17:47:01.079919+00:00 DEBUG 'ansible_navigator.main' Prior to rollback: playbook_artifact_enable = 'True' (bool/Defaults)
2022-06-07T17:47:01.079937+00:00 DEBUG 'ansible_navigator.main' Prior to rollback: playbook_artifact_replay = 'Not set' (Constants/Not set)
2022-06-07T17:47:01.079953+00:00 DEBUG 'ansible_navigator.main' Prior to rollback: playbook_artifact_save_as = '{playbook_dir}/{playbook_name}-artifact-{time_stamp}.json' (str/Defaults)
2022-06-07T17:47:01.079971+00:00 DEBUG 'ansible_navigator.main' Prior to rollback: plugin_name = 'Not set' (Constants/Not set)
2022-06-07T17:47:01.079988+00:00 DEBUG 'ansible_navigator.main' Prior to rollback: plugin_type = 'module' (str/Defaults)
2022-06-07T17:47:01.080005+00:00 DEBUG 'ansible_navigator.main' Prior to rollback: pull_arguments = 'Not set' (Constants/Not set)
2022-06-07T17:47:01.080022+00:00 DEBUG 'ansible_navigator.main' Prior to rollback: pull_policy = 'tag' (str/Defaults)
2022-06-07T17:47:01.080039+00:00 DEBUG 'ansible_navigator.main' Prior to rollback: set_environment_variable = 'Not set' (Constants/Not set)
2022-06-07T17:47:01.080056+00:00 DEBUG 'ansible_navigator.main' Prior to rollback: settings_effective = 'False' (bool/Defaults)
2022-06-07T17:47:01.080073+00:00 DEBUG 'ansible_navigator.main' Prior to rollback: settings_sample = 'False' (bool/Defaults)
2022-06-07T17:47:01.080090+00:00 DEBUG 'ansible_navigator.main' Prior to rollback: settings_schema = 'json' (str/Defaults)
2022-06-07T17:47:01.080107+00:00 DEBUG 'ansible_navigator.main' Prior to rollback: settings_sources = 'False' (bool/Defaults)
2022-06-07T17:47:01.080127+00:00 DEBUG 'ansible_navigator.main' Prior to rollback: time_zone = 'UTC' (str/Defaults)
2022-06-07T17:47:01.080145+00:00 DEBUG 'ansible_navigator.main' Prior to rollback: workdir = '/root/playbook' (str/Defaults)
2022-06-07T17:47:01.080162+00:00 DEBUG 'ansible_navigator.main' After rollback: ansible_runner_artifact_dir = 'Not set' (Constants/Not set)
2022-06-07T17:47:01.080179+00:00 DEBUG 'ansible_navigator.main' After rollback: ansible_runner_rotate_artifacts_count = 'Not set' (Constants/Not set)
2022-06-07T17:47:01.080197+00:00 DEBUG 'ansible_navigator.main' After rollback: ansible_runner_timeout = 'Not set' (Constants/Not set)
2022-06-07T17:47:01.080214+00:00 DEBUG 'ansible_navigator.main' After rollback: app = 'Not set' (Constants/Not set)
2022-06-07T17:47:01.080232+00:00 DEBUG 'ansible_navigator.main' After rollback: cmdline = 'Not set' (Constants/Not set)
2022-06-07T17:47:01.080249+00:00 DEBUG 'ansible_navigator.main' After rollback: collection_doc_cache_path = 'Not set' (Constants/Not set)
2022-06-07T17:47:01.080266+00:00 DEBUG 'ansible_navigator.main' After rollback: config = 'Not set' (Constants/Not set)
2022-06-07T17:47:01.080284+00:00 DEBUG 'ansible_navigator.main' After rollback: container_engine = 'Not set' (Constants/Not set)
2022-06-07T17:47:01.080301+00:00 DEBUG 'ansible_navigator.main' After rollback: container_options = 'Not set' (Constants/Not set)
2022-06-07T17:47:01.080318+00:00 DEBUG 'ansible_navigator.main' After rollback: display_color = 'Not set' (Constants/Not set)
2022-06-07T17:47:01.080336+00:00 DEBUG 'ansible_navigator.main' After rollback: editor_command = 'Not set' (Constants/Not set)
2022-06-07T17:47:01.080353+00:00 DEBUG 'ansible_navigator.main' After rollback: editor_console = 'Not set' (Constants/Not set)
2022-06-07T17:47:01.080371+00:00 DEBUG 'ansible_navigator.main' After rollback: exec_command = 'Not set' (Constants/Not set)
2022-06-07T17:47:01.080388+00:00 DEBUG 'ansible_navigator.main' After rollback: exec_shell = 'Not set' (Constants/Not set)
2022-06-07T17:47:01.080405+00:00 DEBUG 'ansible_navigator.main' After rollback: execution_environment = 'Not set' (Constants/Not set)
2022-06-07T17:47:01.080423+00:00 DEBUG 'ansible_navigator.main' After rollback: execution_environment_image = 'Not set' (Constants/Not set)
2022-06-07T17:47:01.080440+00:00 DEBUG 'ansible_navigator.main' After rollback: execution_environment_volume_mounts = 'Not set' (Constants/Not set)
2022-06-07T17:47:01.080457+00:00 DEBUG 'ansible_navigator.main' After rollback: help_builder = 'Not set' (Constants/Not set)
2022-06-07T17:47:01.080475+00:00 DEBUG 'ansible_navigator.main' After rollback: help_config = 'Not set' (Constants/Not set)
2022-06-07T17:47:01.080492+00:00 DEBUG 'ansible_navigator.main' After rollback: help_doc = 'Not set' (Constants/Not set)
2022-06-07T17:47:01.080510+00:00 DEBUG 'ansible_navigator.main' After rollback: help_inventory = 'Not set' (Constants/Not set)
2022-06-07T17:47:01.080527+00:00 DEBUG 'ansible_navigator.main' After rollback: help_playbook = 'Not set' (Constants/Not set)
2022-06-07T17:47:01.080544+00:00 DEBUG 'ansible_navigator.main' After rollback: images_details = 'Not set' (Constants/Not set)
2022-06-07T17:47:01.080562+00:00 DEBUG 'ansible_navigator.main' After rollback: inventory = 'Not set' (Constants/Not set)
2022-06-07T17:47:01.080579+00:00 DEBUG 'ansible_navigator.main' After rollback: inventory_column = 'Not set' (Constants/Not set)
2022-06-07T17:47:01.080597+00:00 DEBUG 'ansible_navigator.main' After rollback: lint_config = 'Not set' (Constants/Not set)
2022-06-07T17:47:01.080614+00:00 DEBUG 'ansible_navigator.main' After rollback: lintables = 'Not set' (Constants/Not set)
2022-06-07T17:47:01.080631+00:00 DEBUG 'ansible_navigator.main' After rollback: log_append = 'Not set' (Constants/Not set)
2022-06-07T17:47:01.080648+00:00 DEBUG 'ansible_navigator.main' After rollback: log_file = 'Not set' (Constants/Not set)
2022-06-07T17:47:01.080665+00:00 DEBUG 'ansible_navigator.main' After rollback: log_level = 'Not set' (Constants/Not set)
2022-06-07T17:47:01.080685+00:00 DEBUG 'ansible_navigator.main' After rollback: mode = 'Not set' (Constants/Not set)
2022-06-07T17:47:01.080703+00:00 DEBUG 'ansible_navigator.main' After rollback: osc4 = 'Not set' (Constants/Not set)
2022-06-07T17:47:01.080720+00:00 DEBUG 'ansible_navigator.main' After rollback: pass_environment_variable = 'Not set' (Constants/Not set)
2022-06-07T17:47:01.080738+00:00 DEBUG 'ansible_navigator.main' After rollback: playbook = 'Not set' (Constants/Not set)
2022-06-07T17:47:01.080755+00:00 DEBUG 'ansible_navigator.main' After rollback: playbook_artifact_enable = 'Not set' (Constants/Not set)
2022-06-07T17:47:01.080772+00:00 DEBUG 'ansible_navigator.main' After rollback: playbook_artifact_replay = 'Not set' (Constants/Not set)
2022-06-07T17:47:01.080790+00:00 DEBUG 'ansible_navigator.main' After rollback: playbook_artifact_save_as = 'Not set' (Constants/Not set)
2022-06-07T17:47:01.080807+00:00 DEBUG 'ansible_navigator.main' After rollback: plugin_name = 'Not set' (Constants/Not set)
2022-06-07T17:47:01.080824+00:00 DEBUG 'ansible_navigator.main' After rollback: plugin_type = 'Not set' (Constants/Not set)
2022-06-07T17:47:01.080842+00:00 DEBUG 'ansible_navigator.main' After rollback: pull_arguments = 'Not set' (Constants/Not set)
2022-06-07T17:47:01.080859+00:00 DEBUG 'ansible_navigator.main' After rollback: pull_policy = 'Not set' (Constants/Not set)
2022-06-07T17:47:01.080876+00:00 DEBUG 'ansible_navigator.main' After rollback: set_environment_variable = 'Not set' (Constants/Not set)
2022-06-07T17:47:01.080893+00:00 DEBUG 'ansible_navigator.main' After rollback: settings_effective = 'Not set' (Constants/Not set)
2022-06-07T17:47:01.080911+00:00 DEBUG 'ansible_navigator.main' After rollback: settings_sample = 'Not set' (Constants/Not set)
2022-06-07T17:47:01.080928+00:00 DEBUG 'ansible_navigator.main' After rollback: settings_schema = 'Not set' (Constants/Not set)
2022-06-07T17:47:01.080945+00:00 DEBUG 'ansible_navigator.main' After rollback: settings_sources = 'Not set' (Constants/Not set)
2022-06-07T17:47:01.080963+00:00 DEBUG 'ansible_navigator.main' After rollback: time_zone = 'Not set' (Constants/Not set)
2022-06-07T17:47:01.080980+00:00 DEBUG 'ansible_navigator.main' After rollback: workdir = 'Not set' (Constants/Not set)
2022-06-07T17:47:01.080997+00:00 DEBUG 'ansible_navigator.main' Configuration rollback complete.
2022-06-07T17:47:01.081015+00:00 DEBUG 'ansible_navigator.main' Collection doc cache not mounted
2022-06-07T17:47:01.081041+00:00 WARNING 'ansible_navigator.main' Issues were found while applying the settings.
2022-06-07T17:47:01.081062+00:00 INFO 'ansible_navigator.main' Command provided: 'config'
2022-06-07T17:47:01.081084+00:00 ERROR 'ansible_navigator.main' No container engine could be found: 'auto', set by 'Defaults'
2022-06-07T17:47:01.081105+00:00 INFO 'ansible_navigator.main' Try installing 'podman' or 'docker'
2022-06-07T17:47:01.081124+00:00 INFO 'ansible_navigator.main' Configuration failed, using default log file location. (/root/playbook/ansible-navigator.log) Log level set to debug
2022-06-07T17:47:01.081144+00:00 INFO 'ansible_navigator.main' Review the hints and log file to see what went wrong.
